{"C:\\Users\\yuri\\Documents\\GitHub\\API-2025.1-Frontend\\tecsus\\src\\components\\table\\index.tsx": {"path":"C:\\Users\\yuri\\Documents\\GitHub\\API-2025.1-Frontend\\tecsus\\src\\components\\table\\index.tsx","statementMap":{"0":{"start":{"line":1,"column":0},"end":{"line":1,"column":null}},"1":{"start":{"line":19,"column":0},"end":{"line":19,"column":33}},"2":{"start":{"line":20,"column":0},"end":{"line":20,"column":26}},"3":{"start":{"line":21,"column":0},"end":{"line":21,"column":40}},"4":{"start":{"line":22,"column":0},"end":{"line":22,"column":64}},"5":{"start":{"line":23,"column":0},"end":{"line":23,"column":64}},"6":{"start":{"line":24,"column":0},"end":{"line":24,"column":60}},"7":{"start":{"line":25,"column":0},"end":{"line":25,"column":48}},"8":{"start":{"line":40,"column":38},"end":{"line":59,"column":1}},"9":{"start":{"line":41,"column":2},"end":{"line":58,"column":3}},"10":{"start":{"line":42,"column":17},"end":{"line":42,"column":40}},"11":{"start":{"line":44,"column":48},"end":{"line":53,"column":6}},"12":{"start":{"line":55,"column":4},"end":{"line":55,"column":66}},"13":{"start":{"line":57,"column":4},"end":{"line":57,"column":25}},"14":{"start":{"line":62,"column":27},"end":{"line":105,"column":1}},"15":{"start":{"line":63,"column":2},"end":{"line":65,"column":3}},"16":{"start":{"line":64,"column":4},"end":{"line":64,"column":14}},"17":{"start":{"line":67,"column":2},"end":{"line":98,"column":3}},"18":{"start":{"line":68,"column":4},"end":{"line":70,"column":5}},"19":{"start":{"line":69,"column":6},"end":{"line":69,"column":47}},"20":{"start":{"line":72,"column":4},"end":{"line":82,"column":5}},"21":{"start":{"line":73,"column":27},"end":{"line":73,"column":29}},"22":{"start":{"line":75,"column":6},"end":{"line":75,"column":52}},"23":{"start":{"line":75,"column":22},"end":{"line":75,"column":52}},"24":{"start":{"line":76,"column":6},"end":{"line":76,"column":54}},"25":{"start":{"line":76,"column":23},"end":{"line":76,"column":54}},"26":{"start":{"line":77,"column":6},"end":{"line":77,"column":58}},"27":{"start":{"line":77,"column":25},"end":{"line":77,"column":58}},"28":{"start":{"line":79,"column":6},"end":{"line":81,"column":7}},"29":{"start":{"line":80,"column":8},"end":{"line":80,"column":39}},"30":{"start":{"line":84,"column":4},"end":{"line":86,"column":5}},"31":{"start":{"line":85,"column":6},"end":{"line":85,"column":68}},"32":{"start":{"line":85,"column":31},"end":{"line":85,"column":55}},"33":{"start":{"line":88,"column":4},"end":{"line":97,"column":5}},"34":{"start":{"line":89,"column":22},"end":{"line":92,"column":66}},"35":{"start":{"line":91,"column":30},"end":{"line":91,"column":63}},"36":{"start":{"line":92,"column":29},"end":{"line":92,"column":65}},"37":{"start":{"line":94,"column":6},"end":{"line":94,"column":58}},"38":{"start":{"line":96,"column":6},"end":{"line":96,"column":35}},"39":{"start":{"line":100,"column":2},"end":{"line":102,"column":3}},"40":{"start":{"line":101,"column":4},"end":{"line":101,"column":48}},"41":{"start":{"line":104,"column":2},"end":{"line":104,"column":23}},"42":{"start":{"line":107,"column":26},"end":{"line":115,"column":1}},"43":{"start":{"line":108,"column":2},"end":{"line":114,"column":25}},"44":{"start":{"line":118,"column":25},"end":{"line":134,"column":1}},"45":{"start":{"line":119,"column":29},"end":{"line":119,"column":56}},"46":{"start":{"line":120,"column":14},"end":{"line":120,"column":25}},"47":{"start":{"line":121,"column":22},"end":{"line":121,"column":64}},"48":{"start":{"line":121,"column":46},"end":{"line":121,"column":63}},"49":{"start":{"line":122,"column":20},"end":{"line":123,"column":null}},"50":{"start":{"line":123,"column":4},"end":{"line":123,"column":66}},"51":{"start":{"line":123,"column":28},"end":{"line":123,"column":65}},"52":{"start":{"line":126,"column":2},"end":{"line":131,"column":5}},"53":{"start":{"line":133,"column":2},"end":{"line":133,"column":40}},"54":{"start":{"line":118,"column":13},"end":{"line":118,"column":25}},"55":{"start":{"line":137,"column":25},"end":{"line":160,"column":1}},"56":{"start":{"line":138,"column":29},"end":{"line":138,"column":56}},"57":{"start":{"line":139,"column":17},"end":{"line":139,"column":67}},"58":{"start":{"line":139,"column":39},"end":{"line":139,"column":56}},"59":{"start":{"line":140,"column":15},"end":{"line":147,"column":14}},"60":{"start":{"line":141,"column":4},"end":{"line":146,"column":16}},"61":{"start":{"line":142,"column":29},"end":{"line":142,"column":66}},"62":{"start":{"line":143,"column":6},"end":{"line":145,"column":25}},"63":{"start":{"line":149,"column":21},"end":{"line":149,"column":41}},"64":{"start":{"line":150,"column":15},"end":{"line":150,"column":74}},"65":{"start":{"line":151,"column":14},"end":{"line":151,"column":39}},"66":{"start":{"line":153,"column":15},"end":{"line":153,"column":42}},"67":{"start":{"line":154,"column":2},"end":{"line":154,"column":33}},"68":{"start":{"line":155,"column":2},"end":{"line":155,"column":61}},"69":{"start":{"line":156,"column":2},"end":{"line":156,"column":35}},"70":{"start":{"line":157,"column":2},"end":{"line":157,"column":34}},"71":{"start":{"line":158,"column":2},"end":{"line":158,"column":15}},"72":{"start":{"line":159,"column":2},"end":{"line":159,"column":34}},"73":{"start":{"line":137,"column":13},"end":{"line":137,"column":25}},"74":{"start":{"line":163,"column":26},"end":{"line":176,"column":1}},"75":{"start":{"line":164,"column":29},"end":{"line":164,"column":56}},"76":{"start":{"line":165,"column":21},"end":{"line":165,"column":50}},"77":{"start":{"line":166,"column":15},"end":{"line":166,"column":67}},"78":{"start":{"line":167,"column":14},"end":{"line":167,"column":39}},"79":{"start":{"line":169,"column":15},"end":{"line":169,"column":42}},"80":{"start":{"line":170,"column":2},"end":{"line":170,"column":33}},"81":{"start":{"line":171,"column":2},"end":{"line":171,"column":62}},"82":{"start":{"line":172,"column":2},"end":{"line":172,"column":35}},"83":{"start":{"line":173,"column":2},"end":{"line":173,"column":34}},"84":{"start":{"line":174,"column":2},"end":{"line":174,"column":15}},"85":{"start":{"line":175,"column":2},"end":{"line":175,"column":34}},"86":{"start":{"line":163,"column":13},"end":{"line":163,"column":26}},"87":{"start":{"line":179,"column":26},"end":{"line":179,"column":37}},"88":{"start":{"line":180,"column":40},"end":{"line":180,"column":51}},"89":{"start":{"line":182,"column":34},"end":{"line":182,"column":68}},"90":{"start":{"line":183,"column":15},"end":{"line":183,"column":32}},"91":{"start":{"line":185,"column":22},"end":{"line":187,"column":3}},"92":{"start":{"line":186,"column":4},"end":{"line":186,"column":37}},"93":{"start":{"line":189,"column":22},"end":{"line":191,"column":3}},"94":{"start":{"line":190,"column":4},"end":{"line":190,"column":22}},"95":{"start":{"line":193,"column":26},"end":{"line":196,"column":3}},"96":{"start":{"line":194,"column":4},"end":{"line":194,"column":51}},"97":{"start":{"line":195,"column":4},"end":{"line":195,"column":18}},"98":{"start":{"line":198,"column":26},"end":{"line":201,"column":3}},"99":{"start":{"line":199,"column":4},"end":{"line":199,"column":51}},"100":{"start":{"line":200,"column":4},"end":{"line":200,"column":18}},"101":{"start":{"line":203,"column":27},"end":{"line":206,"column":3}},"102":{"start":{"line":204,"column":4},"end":{"line":204,"column":43}},"103":{"start":{"line":205,"column":4},"end":{"line":205,"column":18}},"104":{"start":{"line":208,"column":27},"end":{"line":210,"column":3}},"105":{"start":{"line":209,"column":4},"end":{"line":209,"column":21}},"106":{"start":{"line":212,"column":34},"end":{"line":216,"column":3}},"107":{"start":{"line":213,"column":18},"end":{"line":213,"column":36}},"108":{"start":{"line":214,"column":4},"end":{"line":214,"column":72}},"109":{"start":{"line":215,"column":4},"end":{"line":215,"column":15}},"110":{"start":{"line":218,"column":24},"end":{"line":220,"column":70}},"111":{"start":{"line":222,"column":2},"end":{"line":365,"column":4}},"112":{"start":{"line":288,"column":16},"end":{"line":288,"column":54}},"113":{"start":{"line":301,"column":14},"end":{"line":301,"column":null}},"114":{"start":{"line":303,"column":18},"end":{"line":303,"column":56}},"115":{"start":{"line":346,"column":57},"end":{"line":346,"column":84}},"116":{"start":{"line":368,"column":0},"end":{"line":368,"column":28}}},"fnMap":{"0":{"name":"(anonymous_1)","decl":{"start":{"line":40,"column":38},"end":{"line":40,"column":39}},"loc":{"start":{"line":40,"column":72},"end":{"line":59,"column":1}}},"1":{"name":"(anonymous_2)","decl":{"start":{"line":62,"column":27},"end":{"line":62,"column":28}},"loc":{"start":{"line":62,"column":50},"end":{"line":105,"column":1}}},"2":{"name":"(anonymous_3)","decl":{"start":{"line":85,"column":23},"end":{"line":85,"column":27}},"loc":{"start":{"line":85,"column":31},"end":{"line":85,"column":55}}},"3":{"name":"(anonymous_4)","decl":{"start":{"line":91,"column":16},"end":{"line":91,"column":17}},"loc":{"start":{"line":91,"column":30},"end":{"line":91,"column":63}}},"4":{"name":"(anonymous_5)","decl":{"start":{"line":92,"column":13},"end":{"line":92,"column":14}},"loc":{"start":{"line":92,"column":29},"end":{"line":92,"column":65}}},"5":{"name":"(anonymous_6)","decl":{"start":{"line":107,"column":26},"end":{"line":107,"column":27}},"loc":{"start":{"line":107,"column":55},"end":{"line":115,"column":1}}},"6":{"name":"(anonymous_7)","decl":{"start":{"line":118,"column":25},"end":{"line":118,"column":26}},"loc":{"start":{"line":118,"column":93},"end":{"line":134,"column":1}}},"7":{"name":"(anonymous_8)","decl":{"start":{"line":121,"column":34},"end":{"line":121,"column":35}},"loc":{"start":{"line":121,"column":46},"end":{"line":121,"column":63}}},"8":{"name":"(anonymous_9)","decl":{"start":{"line":122,"column":29},"end":{"line":122,"column":30}},"loc":{"start":{"line":123,"column":4},"end":{"line":123,"column":66}}},"9":{"name":"(anonymous_10)","decl":{"start":{"line":123,"column":16},"end":{"line":123,"column":17}},"loc":{"start":{"line":123,"column":28},"end":{"line":123,"column":65}}},"10":{"name":"(anonymous_11)","decl":{"start":{"line":137,"column":25},"end":{"line":137,"column":26}},"loc":{"start":{"line":137,"column":93},"end":{"line":160,"column":1}}},"11":{"name":"(anonymous_12)","decl":{"start":{"line":139,"column":29},"end":{"line":139,"column":35}},"loc":{"start":{"line":139,"column":39},"end":{"line":139,"column":56}}},"12":{"name":"(anonymous_13)","decl":{"start":{"line":140,"column":24},"end":{"line":140,"column":27}},"loc":{"start":{"line":141,"column":4},"end":{"line":146,"column":16}}},"13":{"name":"(anonymous_14)","decl":{"start":{"line":141,"column":16},"end":{"line":141,"column":22}},"loc":{"start":{"line":141,"column":25},"end":{"line":146,"column":5}}},"14":{"name":"(anonymous_15)","decl":{"start":{"line":163,"column":26},"end":{"line":163,"column":27}},"loc":{"start":{"line":163,"column":70},"end":{"line":176,"column":1}}},"15":{"name":"GenericTable","decl":{"start":{"line":178,"column":9},"end":{"line":178,"column":21}},"loc":{"start":{"line":178,"column":102},"end":{"line":366,"column":1}}},"16":{"name":"(anonymous_17)","decl":{"start":{"line":185,"column":22},"end":{"line":185,"column":23}},"loc":{"start":{"line":185,"column":63},"end":{"line":187,"column":3}}},"17":{"name":"(anonymous_18)","decl":{"start":{"line":189,"column":22},"end":{"line":189,"column":25}},"loc":{"start":{"line":189,"column":27},"end":{"line":191,"column":3}}},"18":{"name":"(anonymous_19)","decl":{"start":{"line":193,"column":26},"end":{"line":193,"column":29}},"loc":{"start":{"line":193,"column":31},"end":{"line":196,"column":3}}},"19":{"name":"(anonymous_20)","decl":{"start":{"line":198,"column":26},"end":{"line":198,"column":29}},"loc":{"start":{"line":198,"column":31},"end":{"line":201,"column":3}}},"20":{"name":"(anonymous_21)","decl":{"start":{"line":203,"column":27},"end":{"line":203,"column":30}},"loc":{"start":{"line":203,"column":32},"end":{"line":206,"column":3}}},"21":{"name":"(anonymous_22)","decl":{"start":{"line":208,"column":27},"end":{"line":208,"column":28}},"loc":{"start":{"line":208,"column":64},"end":{"line":210,"column":3}}},"22":{"name":"(anonymous_23)","decl":{"start":{"line":212,"column":34},"end":{"line":212,"column":35}},"loc":{"start":{"line":212,"column":71},"end":{"line":216,"column":3}}},"23":{"name":"(anonymous_24)","decl":{"start":{"line":287,"column":27},"end":{"line":287,"column":28}},"loc":{"start":{"line":288,"column":16},"end":{"line":288,"column":54}}},"24":{"name":"(anonymous_25)","decl":{"start":{"line":300,"column":31},"end":{"line":300,"column":32}},"loc":{"start":{"line":301,"column":14},"end":{"line":301,"column":null}}},"25":{"name":"(anonymous_26)","decl":{"start":{"line":302,"column":29},"end":{"line":302,"column":30}},"loc":{"start":{"line":303,"column":18},"end":{"line":303,"column":56}}},"26":{"name":"(anonymous_27)","decl":{"start":{"line":346,"column":32},"end":{"line":346,"column":33}},"loc":{"start":{"line":346,"column":57},"end":{"line":346,"column":84}}}},"branchMap":{"0":{"loc":{"start":{"line":63,"column":2},"end":{"line":65,"column":3}},"type":"if","locations":[{"start":{"line":63,"column":2},"end":{"line":65,"column":3}}]},"1":{"loc":{"start":{"line":63,"column":6},"end":{"line":63,"column":43}},"type":"binary-expr","locations":[{"start":{"line":63,"column":6},"end":{"line":63,"column":20}},{"start":{"line":63,"column":24},"end":{"line":63,"column":43}}]},"2":{"loc":{"start":{"line":67,"column":2},"end":{"line":98,"column":3}},"type":"if","locations":[{"start":{"line":67,"column":2},"end":{"line":98,"column":3}}]},"3":{"loc":{"start":{"line":68,"column":4},"end":{"line":70,"column":5}},"type":"if","locations":[{"start":{"line":68,"column":4},"end":{"line":70,"column":5}}]},"4":{"loc":{"start":{"line":68,"column":8},"end":{"line":68,"column":35}},"type":"binary-expr","locations":[{"start":{"line":68,"column":8},"end":{"line":68,"column":13}},{"start":{"line":68,"column":17},"end":{"line":68,"column":35}}]},"5":{"loc":{"start":{"line":72,"column":4},"end":{"line":82,"column":5}},"type":"if","locations":[{"start":{"line":72,"column":4},"end":{"line":82,"column":5}}]},"6":{"loc":{"start":{"line":72,"column":8},"end":{"line":72,"column":76}},"type":"binary-expr","locations":[{"start":{"line":72,"column":8},"end":{"line":72,"column":13}},{"start":{"line":72,"column":18},"end":{"line":72,"column":33}},{"start":{"line":72,"column":37},"end":{"line":72,"column":53}},{"start":{"line":72,"column":57},"end":{"line":72,"column":75}}]},"7":{"loc":{"start":{"line":75,"column":6},"end":{"line":75,"column":52}},"type":"if","locations":[{"start":{"line":75,"column":6},"end":{"line":75,"column":52}}]},"8":{"loc":{"start":{"line":76,"column":6},"end":{"line":76,"column":54}},"type":"if","locations":[{"start":{"line":76,"column":6},"end":{"line":76,"column":54}}]},"9":{"loc":{"start":{"line":77,"column":6},"end":{"line":77,"column":58}},"type":"if","locations":[{"start":{"line":77,"column":6},"end":{"line":77,"column":58}}]},"10":{"loc":{"start":{"line":79,"column":6},"end":{"line":81,"column":7}},"type":"if","locations":[{"start":{"line":79,"column":6},"end":{"line":81,"column":7}}]},"11":{"loc":{"start":{"line":84,"column":4},"end":{"line":86,"column":5}},"type":"if","locations":[{"start":{"line":84,"column":4},"end":{"line":86,"column":5}}]},"12":{"loc":{"start":{"line":91,"column":30},"end":{"line":91,"column":63}},"type":"binary-expr","locations":[{"start":{"line":91,"column":30},"end":{"line":91,"column":42}},{"start":{"line":91,"column":46},"end":{"line":91,"column":63}}]},"13":{"loc":{"start":{"line":94,"column":13},"end":{"line":94,"column":57}},"type":"cond-expr","locations":[{"start":{"line":94,"column":34},"end":{"line":94,"column":52}},{"start":{"line":94,"column":55},"end":{"line":94,"column":57}}]},"14":{"loc":{"start":{"line":100,"column":2},"end":{"line":102,"column":3}},"type":"if","locations":[{"start":{"line":100,"column":2},"end":{"line":102,"column":3}}]},"15":{"loc":{"start":{"line":100,"column":6},"end":{"line":100,"column":86}},"type":"binary-expr","locations":[{"start":{"line":100,"column":6},"end":{"line":100,"column":31}},{"start":{"line":100,"column":35},"end":{"line":100,"column":86}}]},"16":{"loc":{"start":{"line":118,"column":63},"end":{"line":118,"column":89}},"type":"default-arg","locations":[{"start":{"line":118,"column":82},"end":{"line":118,"column":89}}]},"17":{"loc":{"start":{"line":137,"column":63},"end":{"line":137,"column":89}},"type":"default-arg","locations":[{"start":{"line":137,"column":82},"end":{"line":137,"column":89}}]},"18":{"loc":{"start":{"line":143,"column":13},"end":{"line":145,"column":24}},"type":"cond-expr","locations":[{"start":{"line":144,"column":10},"end":{"line":144,"column":51}},{"start":{"line":145,"column":10},"end":{"line":145,"column":24}}]},"19":{"loc":{"start":{"line":143,"column":13},"end":{"line":143,"column":146}},"type":"binary-expr","locations":[{"start":{"line":143,"column":13},"end":{"line":143,"column":47}},{"start":{"line":143,"column":52},"end":{"line":143,"column":80}},{"start":{"line":143,"column":84},"end":{"line":143,"column":112}},{"start":{"line":143,"column":116},"end":{"line":143,"column":145}}]},"20":{"loc":{"start":{"line":163,"column":40},"end":{"line":163,"column":66}},"type":"default-arg","locations":[{"start":{"line":163,"column":59},"end":{"line":163,"column":66}}]},"21":{"loc":{"start":{"line":194,"column":29},"end":{"line":194,"column":49}},"type":"binary-expr","locations":[{"start":{"line":194,"column":29},"end":{"line":194,"column":38}},{"start":{"line":194,"column":42},"end":{"line":194,"column":49}}]},"22":{"loc":{"start":{"line":199,"column":29},"end":{"line":199,"column":49}},"type":"binary-expr","locations":[{"start":{"line":199,"column":29},"end":{"line":199,"column":38}},{"start":{"line":199,"column":42},"end":{"line":199,"column":49}}]},"23":{"loc":{"start":{"line":204,"column":21},"end":{"line":204,"column":41}},"type":"binary-expr","locations":[{"start":{"line":204,"column":21},"end":{"line":204,"column":30}},{"start":{"line":204,"column":34},"end":{"line":204,"column":41}}]},"24":{"loc":{"start":{"line":214,"column":19},"end":{"line":214,"column":70}},"type":"cond-expr","locations":[{"start":{"line":214,"column":37},"end":{"line":214,"column":48}},{"start":{"line":214,"column":51},"end":{"line":214,"column":70}}]},"25":{"loc":{"start":{"line":218,"column":24},"end":{"line":220,"column":70}},"type":"cond-expr","locations":[{"start":{"line":219,"column":6},"end":{"line":219,"column":10}},{"start":{"line":220,"column":6},"end":{"line":220,"column":70}}]},"26":{"loc":{"start":{"line":239,"column":13},"end":{"line":239,"column":43}},"type":"binary-expr","locations":[{"start":{"line":239,"column":13},"end":{"line":239,"column":22}},{"start":{"line":239,"column":26},"end":{"line":239,"column":43}}]},"27":{"loc":{"start":{"line":292,"column":15},"end":{"line":295,"column":null}},"type":"binary-expr","locations":[{"start":{"line":292,"column":15},"end":{"line":292,"column":28}},{"start":{"line":293,"column":16},"end":{"line":294,"column":null}}]},"28":{"loc":{"start":{"line":304,"column":21},"end":{"line":304,"column":85}},"type":"cond-expr","locations":[{"start":{"line":304,"column":34},"end":{"line":304,"column":57}},{"start":{"line":304,"column":60},"end":{"line":304,"column":85}}]},"29":{"loc":{"start":{"line":307,"column":17},"end":{"line":310,"column":null}},"type":"binary-expr","locations":[{"start":{"line":307,"column":17},"end":{"line":307,"column":30}},{"start":{"line":308,"column":18},"end":{"line":309,"column":null}}]},"30":{"loc":{"start":{"line":327,"column":23},"end":{"line":327,"column":83}},"type":"cond-expr","locations":[{"start":{"line":327,"column":53},"end":{"line":327,"column":58}},{"start":{"line":327,"column":61},"end":{"line":327,"column":83}}]}},"s":{"0":1,"1":1,"2":1,"3":1,"4":1,"5":1,"6":1,"7":1,"8":1,"9":0,"10":0,"11":0,"12":0,"13":0,"14":1,"15":0,"16":0,"17":0,"18":0,"19":0,"20":0,"21":0,"22":0,"23":0,"24":0,"25":0,"26":0,"27":0,"28":0,"29":0,"30":0,"31":0,"32":0,"33":0,"34":0,"35":0,"36":0,"37":0,"38":0,"39":0,"40":0,"41":0,"42":1,"43":0,"44":1,"45":0,"46":0,"47":0,"48":0,"49":0,"50":0,"51":0,"52":0,"53":0,"54":1,"55":1,"56":0,"57":0,"58":0,"59":0,"60":0,"61":0,"62":0,"63":0,"64":0,"65":0,"66":0,"67":0,"68":0,"69":0,"70":0,"71":0,"72":0,"73":1,"74":1,"75":0,"76":0,"77":0,"78":0,"79":0,"80":0,"81":0,"82":0,"83":0,"84":0,"85":0,"86":1,"87":3,"88":3,"89":3,"90":3,"91":3,"92":0,"93":3,"94":0,"95":3,"96":0,"97":0,"98":3,"99":0,"100":0,"101":3,"102":0,"103":0,"104":3,"105":0,"106":3,"107":0,"108":0,"109":0,"110":3,"111":3,"112":12,"113":3,"114":12,"115":3,"116":1},"f":{"0":0,"1":0,"2":0,"3":0,"4":0,"5":0,"6":0,"7":0,"8":0,"9":0,"10":0,"11":0,"12":0,"13":0,"14":0,"15":3,"16":0,"17":0,"18":0,"19":0,"20":0,"21":0,"22":0,"23":12,"24":3,"25":12,"26":3},"b":{"0":[0],"1":[0,0],"2":[0],"3":[0],"4":[0,0],"5":[0],"6":[0,0,0,0],"7":[0],"8":[0],"9":[0],"10":[0],"11":[0],"12":[0,0],"13":[0,0],"14":[0],"15":[0,0],"16":[0],"17":[0],"18":[0,0],"19":[0,0,0,0],"20":[0],"21":[0,0],"22":[0,0],"23":[0,0],"24":[0,0],"25":[0,3],"26":[3,0],"27":[3,3],"28":[12,0],"29":[3,3],"30":[0,3]}}
,"C:\\Users\\yuri\\Documents\\GitHub\\API-2025.1-Frontend\\tecsus\\src\\components\\ui\\AlertTypeForm.tsx": {"path":"C:\\Users\\yuri\\Documents\\GitHub\\API-2025.1-Frontend\\tecsus\\src\\components\\ui\\AlertTypeForm.tsx","statementMap":{"0":{"start":{"line":1,"column":0},"end":{"line":1,"column":59}},"1":{"start":{"line":2,"column":0},"end":{"line":2,"column":63}},"2":{"start":{"line":3,"column":0},"end":{"line":3,"column":48}},"3":{"start":{"line":33,"column":59},"end":{"line":219,"column":1}},"4":{"start":{"line":44,"column":26},"end":{"line":51,"column":null}},"5":{"start":{"line":54,"column":25},"end":{"line":54,"column":38}},"6":{"start":{"line":56,"column":2},"end":{"line":73,"column":47}},"7":{"start":{"line":57,"column":4},"end":{"line":72,"column":5}},"8":{"start":{"line":58,"column":6},"end":{"line":58,"column":65}},"9":{"start":{"line":58,"column":28},"end":{"line":58,"column":63}},"10":{"start":{"line":60,"column":6},"end":{"line":69,"column":7}},"11":{"start":{"line":61,"column":24},"end":{"line":61,"column":77}},"12":{"start":{"line":61,"column":43},"end":{"line":61,"column":76}},"13":{"start":{"line":62,"column":8},"end":{"line":68,"column":9}},"14":{"start":{"line":63,"column":25},"end":{"line":66,"column":13}},"15":{"start":{"line":63,"column":54},"end":{"line":66,"column":12}},"16":{"start":{"line":67,"column":10},"end":{"line":67,"column":32}},"17":{"start":{"line":71,"column":6},"end":{"line":71,"column":36}},"18":{"start":{"line":75,"column":23},"end":{"line":106,"column":3}},"19":{"start":{"line":76,"column":4},"end":{"line":76,"column":25}},"20":{"start":{"line":76,"column":18},"end":{"line":76,"column":25}},"21":{"start":{"line":78,"column":28},"end":{"line":78,"column":36}},"22":{"start":{"line":79,"column":39},"end":{"line":79,"column":44}},"23":{"start":{"line":81,"column":4},"end":{"line":83,"column":5}},"24":{"start":{"line":82,"column":6},"end":{"line":82,"column":45}},"25":{"start":{"line":85,"column":21},"end":{"line":87,"column":null}},"26":{"start":{"line":90,"column":4},"end":{"line":103,"column":5}},"27":{"start":{"line":91,"column":6},"end":{"line":91,"column":35}},"28":{"start":{"line":93,"column":22},"end":{"line":93,"column":66}},"29":{"start":{"line":93,"column":43},"end":{"line":93,"column":65}},"30":{"start":{"line":94,"column":6},"end":{"line":102,"column":7}},"31":{"start":{"line":95,"column":23},"end":{"line":98,"column":11}},"32":{"start":{"line":95,"column":54},"end":{"line":98,"column":10}},"33":{"start":{"line":99,"column":8},"end":{"line":99,"column":30}},"34":{"start":{"line":101,"column":8},"end":{"line":101,"column":26}},"35":{"start":{"line":105,"column":4},"end":{"line":105,"column":25}},"36":{"start":{"line":108,"column":22},"end":{"line":122,"column":4}},"37":{"start":{"line":108,"column":65},"end":{"line":122,"column":4}},"38":{"start":{"line":124,"column":23},"end":{"line":148,"column":4}},"39":{"start":{"line":129,"column":7},"end":{"line":148,"column":4}},"40":{"start":{"line":143,"column":12},"end":{"line":143,"column":39}},"41":{"start":{"line":150,"column":27},"end":{"line":160,"column":3}},"42":{"start":{"line":151,"column":4},"end":{"line":151,"column":23}},"43":{"start":{"line":152,"column":23},"end":{"line":152,"column":28}},"44":{"start":{"line":154,"column":4},"end":{"line":157,"column":5}},"45":{"start":{"line":155,"column":6},"end":{"line":155,"column":65}},"46":{"start":{"line":156,"column":6},"end":{"line":156,"column":13}},"47":{"start":{"line":159,"column":4},"end":{"line":159,"column":23}},"48":{"start":{"line":162,"column":2},"end":{"line":218,"column":4}},"49":{"start":{"line":169,"column":76},"end":{"line":172,"column":12}},"50":{"start":{"line":177,"column":35},"end":{"line":180,"column":14}},"51":{"start":{"line":33,"column":13},"end":{"line":33,"column":59}}},"fnMap":{"0":{"name":"(anonymous_1)","decl":{"start":{"line":33,"column":59},"end":{"line":33,"column":60}},"loc":{"start":{"line":43,"column":5},"end":{"line":219,"column":1}}},"1":{"name":"(anonymous_2)","decl":{"start":{"line":56,"column":12},"end":{"line":56,"column":15}},"loc":{"start":{"line":56,"column":17},"end":{"line":73,"column":3}}},"2":{"name":"(anonymous_3)","decl":{"start":{"line":58,"column":14},"end":{"line":58,"column":15}},"loc":{"start":{"line":58,"column":28},"end":{"line":58,"column":63}}},"3":{"name":"(anonymous_4)","decl":{"start":{"line":61,"column":38},"end":{"line":61,"column":39}},"loc":{"start":{"line":61,"column":43},"end":{"line":61,"column":76}}},"4":{"name":"(anonymous_5)","decl":{"start":{"line":63,"column":48},"end":{"line":63,"column":49}},"loc":{"start":{"line":63,"column":54},"end":{"line":66,"column":12}}},"5":{"name":"(anonymous_6)","decl":{"start":{"line":75,"column":23},"end":{"line":75,"column":24}},"loc":{"start":{"line":75,"column":86},"end":{"line":106,"column":3}}},"6":{"name":"(anonymous_7)","decl":{"start":{"line":93,"column":36},"end":{"line":93,"column":37}},"loc":{"start":{"line":93,"column":43},"end":{"line":93,"column":65}}},"7":{"name":"(anonymous_8)","decl":{"start":{"line":95,"column":46},"end":{"line":95,"column":47}},"loc":{"start":{"line":95,"column":54},"end":{"line":98,"column":10}}},"8":{"name":"(anonymous_9)","decl":{"start":{"line":108,"column":22},"end":{"line":108,"column":23}},"loc":{"start":{"line":108,"column":64},"end":{"line":122,"column":4}}},"9":{"name":"(anonymous_10)","decl":{"start":{"line":124,"column":23},"end":{"line":124,"column":null}},"loc":{"start":{"line":129,"column":6},"end":{"line":148,"column":4}}},"10":{"name":"(anonymous_11)","decl":{"start":{"line":142,"column":23},"end":{"line":142,"column":24}},"loc":{"start":{"line":143,"column":12},"end":{"line":143,"column":39}}},"11":{"name":"(anonymous_12)","decl":{"start":{"line":150,"column":27},"end":{"line":150,"column":28}},"loc":{"start":{"line":150,"column":50},"end":{"line":160,"column":3}}},"12":{"name":"(anonymous_13)","decl":{"start":{"line":169,"column":62},"end":{"line":169,"column":63}},"loc":{"start":{"line":169,"column":76},"end":{"line":172,"column":12}}},"13":{"name":"(anonymous_14)","decl":{"start":{"line":177,"column":27},"end":{"line":177,"column":28}},"loc":{"start":{"line":177,"column":35},"end":{"line":180,"column":14}}}},"branchMap":{"0":{"loc":{"start":{"line":34,"column":2},"end":{"line":34,"column":20}},"type":"default-arg","locations":[{"start":{"line":34,"column":18},"end":{"line":34,"column":20}}]},"1":{"loc":{"start":{"line":36,"column":2},"end":{"line":36,"column":38}},"type":"default-arg","locations":[{"start":{"line":36,"column":10},"end":{"line":36,"column":38}}]},"2":{"loc":{"start":{"line":37,"column":2},"end":{"line":37,"column":24}},"type":"default-arg","locations":[{"start":{"line":37,"column":16},"end":{"line":37,"column":24}}]},"3":{"loc":{"start":{"line":41,"column":2},"end":{"line":41,"column":18}},"type":"default-arg","locations":[{"start":{"line":41,"column":13},"end":{"line":41,"column":18}}]},"4":{"loc":{"start":{"line":57,"column":4},"end":{"line":72,"column":5}},"type":"if","locations":[{"start":{"line":57,"column":4},"end":{"line":72,"column":5}}]},"5":{"loc":{"start":{"line":57,"column":8},"end":{"line":57,"column":48}},"type":"binary-expr","locations":[{"start":{"line":57,"column":8},"end":{"line":57,"column":21}},{"start":{"line":57,"column":25},"end":{"line":57,"column":48}}]},"6":{"loc":{"start":{"line":60,"column":6},"end":{"line":69,"column":7}},"type":"if","locations":[{"start":{"line":60,"column":6},"end":{"line":69,"column":7}}]},"7":{"loc":{"start":{"line":62,"column":8},"end":{"line":68,"column":9}},"type":"if","locations":[{"start":{"line":62,"column":8},"end":{"line":68,"column":9}}]},"8":{"loc":{"start":{"line":76,"column":4},"end":{"line":76,"column":25}},"type":"if","locations":[{"start":{"line":76,"column":4},"end":{"line":76,"column":25}}]},"9":{"loc":{"start":{"line":81,"column":4},"end":{"line":83,"column":5}},"type":"if","locations":[{"start":{"line":81,"column":4},"end":{"line":83,"column":5}}]},"10":{"loc":{"start":{"line":82,"column":20},"end":{"line":82,"column":44}},"type":"binary-expr","locations":[{"start":{"line":82,"column":20},"end":{"line":82,"column":39}},{"start":{"line":82,"column":43},"end":{"line":82,"column":44}}]},"11":{"loc":{"start":{"line":90,"column":4},"end":{"line":103,"column":5}},"type":"if","locations":[{"start":{"line":90,"column":4},"end":{"line":103,"column":5}}]},"12":{"loc":{"start":{"line":94,"column":6},"end":{"line":102,"column":7}},"type":"if","locations":[{"start":{"line":94,"column":6},"end":{"line":102,"column":7}},{"start":{"line":100,"column":13},"end":{"line":102,"column":7}}]},"13":{"loc":{"start":{"line":115,"column":17},"end":{"line":115,"column":33}},"type":"cond-expr","locations":[{"start":{"line":115,"column":27},"end":{"line":115,"column":31}},{"start":{"line":115,"column":31},"end":{"line":115,"column":33}}]},"14":{"loc":{"start":{"line":115,"column":17},"end":{"line":115,"column":31}},"type":"binary-expr","locations":[{"start":{"line":115,"column":17},"end":{"line":115,"column":31}},{"start":{"line":115,"column":27},"end":{"line":115,"column":31}}]},"15":{"loc":{"start":{"line":128,"column":4},"end":{"line":128,"column":34}},"type":"default-arg","locations":[{"start":{"line":128,"column":29},"end":{"line":128,"column":34}}]},"16":{"loc":{"start":{"line":135,"column":17},"end":{"line":135,"column":33}},"type":"cond-expr","locations":[{"start":{"line":135,"column":27},"end":{"line":135,"column":31}},{"start":{"line":135,"column":31},"end":{"line":135,"column":33}}]},"17":{"loc":{"start":{"line":135,"column":17},"end":{"line":135,"column":31}},"type":"binary-expr","locations":[{"start":{"line":135,"column":17},"end":{"line":135,"column":31}},{"start":{"line":135,"column":27},"end":{"line":135,"column":31}}]},"18":{"loc":{"start":{"line":139,"column":20},"end":{"line":139,"column":45}},"type":"binary-expr","locations":[{"start":{"line":139,"column":20},"end":{"line":139,"column":28}},{"start":{"line":139,"column":32},"end":{"line":139,"column":45}}]},"19":{"loc":{"start":{"line":154,"column":4},"end":{"line":157,"column":5}},"type":"if","locations":[{"start":{"line":154,"column":4},"end":{"line":157,"column":5}}]},"20":{"loc":{"start":{"line":154,"column":8},"end":{"line":154,"column":92}},"type":"binary-expr","locations":[{"start":{"line":154,"column":8},"end":{"line":154,"column":26}},{"start":{"line":154,"column":30},"end":{"line":154,"column":40}},{"start":{"line":154,"column":44},"end":{"line":154,"column":55}},{"start":{"line":154,"column":59},"end":{"line":154,"column":76}},{"start":{"line":154,"column":80},"end":{"line":154,"column":92}}]},"21":{"loc":{"start":{"line":199,"column":11},"end":{"line":213,"column":null}},"type":"cond-expr","locations":[{"start":{"line":200,"column":12},"end":{"line":200,"column":64}},{"start":{"line":202,"column":12},"end":{"line":212,"column":null}}]},"22":{"loc":{"start":{"line":202,"column":12},"end":{"line":212,"column":null}},"type":"binary-expr","locations":[{"start":{"line":202,"column":12},"end":{"line":202,"column":21}},{"start":{"line":203,"column":14},"end":{"line":211,"column":null}}]}},"s":{"0":2,"1":2,"2":2,"3":2,"4":2,"5":2,"6":2,"7":2,"8":1,"9":1,"10":1,"11":0,"12":0,"13":0,"14":0,"15":0,"16":0,"17":1,"18":2,"19":0,"20":0,"21":0,"22":0,"23":0,"24":0,"25":0,"26":0,"27":0,"28":0,"29":0,"30":0,"31":0,"32":0,"33":0,"34":0,"35":0,"36":2,"37":4,"38":2,"39":8,"40":16,"41":2,"42":0,"43":0,"44":0,"45":0,"46":0,"47":0,"48":2,"49":0,"50":0,"51":2},"f":{"0":2,"1":2,"2":1,"3":0,"4":0,"5":0,"6":0,"7":0,"8":4,"9":8,"10":16,"11":0,"12":0,"13":0},"b":{"0":[2],"1":[2],"2":[2],"3":[2],"4":[1],"5":[2,2],"6":[0],"7":[0],"8":[0],"9":[0],"10":[0,0],"11":[0],"12":[0,0],"13":[4,0],"14":[4,4],"15":[6],"16":[6,2],"17":[8,8],"18":[8,8],"19":[0],"20":[0,0,0,0,0],"21":[0,2],"22":[2,2]}}
,"C:\\Users\\yuri\\Documents\\GitHub\\API-2025.1-Frontend\\tecsus\\src\\components\\ui\\AppIcon.tsx": {"path":"C:\\Users\\yuri\\Documents\\GitHub\\API-2025.1-Frontend\\tecsus\\src\\components\\ui\\AppIcon.tsx","statementMap":{"0":{"start":{"line":2,"column":0},"end":{"line":2,"column":45}},"1":{"start":{"line":9,"column":40},"end":{"line":19,"column":1}},"2":{"start":{"line":9,"column":47},"end":{"line":9,"column":52}},"3":{"start":{"line":9,"column":57},"end":{"line":9,"column":61}},"4":{"start":{"line":11,"column":25},"end":{"line":11,"column":44}},"5":{"start":{"line":13,"column":2},"end":{"line":16,"column":3}},"6":{"start":{"line":14,"column":4},"end":{"line":14,"column":81}},"7":{"start":{"line":15,"column":4},"end":{"line":15,"column":16}},"8":{"start":{"line":18,"column":2},"end":{"line":18,"column":38}},"9":{"start":{"line":21,"column":0},"end":{"line":21,"column":23}}},"fnMap":{"0":{"name":"(anonymous_10)","decl":{"start":{"line":9,"column":40},"end":{"line":9,"column":41}},"loc":{"start":{"line":9,"column":63},"end":{"line":19,"column":1}}}},"branchMap":{"0":{"loc":{"start":{"line":13,"column":2},"end":{"line":16,"column":3}},"type":"if","locations":[{"start":{"line":13,"column":2},"end":{"line":16,"column":3}}]}},"s":{"0":2,"1":2,"2":6,"3":6,"4":6,"5":6,"6":1,"7":1,"8":5,"9":2},"f":{"0":6},"b":{"0":[1]}}
,"C:\\Users\\yuri\\Documents\\GitHub\\API-2025.1-Frontend\\tecsus\\src\\components\\ui\\FilterBox.tsx": {"path":"C:\\Users\\yuri\\Documents\\GitHub\\API-2025.1-Frontend\\tecsus\\src\\components\\ui\\FilterBox.tsx","statementMap":{"0":{"start":{"line":1,"column":0},"end":{"line":1,"column":40}},"1":{"start":{"line":2,"column":0},"end":{"line":2,"column":null}},"2":{"start":{"line":17,"column":0},"end":{"line":17,"column":60}},"3":{"start":{"line":18,"column":0},"end":{"line":18,"column":68}},"4":{"start":{"line":19,"column":0},"end":{"line":19,"column":80}},"5":{"start":{"line":20,"column":0},"end":{"line":20,"column":39}},"6":{"start":{"line":21,"column":0},"end":{"line":21,"column":45}},"7":{"start":{"line":47,"column":44},"end":{"line":414,"column":1}},"8":{"start":{"line":53,"column":52},"end":{"line":53,"column":81}},"9":{"start":{"line":55,"column":28},"end":{"line":334,"column":3}},"10":{"start":{"line":56,"column":22},"end":{"line":58,"column":55}},"11":{"start":{"line":60,"column":4},"end":{"line":333,"column":5}},"12":{"start":{"line":63,"column":8},"end":{"line":136,"column":10}},"13":{"start":{"line":118,"column":52},"end":{"line":118,"column":83}},"14":{"start":{"line":129,"column":18},"end":{"line":129,"column":47}},"15":{"start":{"line":138,"column":8},"end":{"line":172,"column":10}},"16":{"start":{"line":151,"column":35},"end":{"line":151,"column":68}},"17":{"start":{"line":174,"column":8},"end":{"line":259,"column":10}},"18":{"start":{"line":190,"column":36},"end":{"line":190,"column":57}},"19":{"start":{"line":192,"column":30},"end":{"line":192,"column":63}},"20":{"start":{"line":193,"column":31},"end":{"line":193,"column":57}},"21":{"start":{"line":236,"column":35},"end":{"line":236,"column":68}},"22":{"start":{"line":261,"column":8},"end":{"line":330,"column":10}},"23":{"start":{"line":273,"column":16},"end":{"line":273,"column":66}},"24":{"start":{"line":277,"column":16},"end":{"line":277,"column":58}},"25":{"start":{"line":281,"column":16},"end":{"line":283,"column":17}},"26":{"start":{"line":282,"column":18},"end":{"line":282,"column":49}},"27":{"start":{"line":286,"column":16},"end":{"line":318,"column":null}},"28":{"start":{"line":323,"column":33},"end":{"line":324,"column":null}},"29":{"start":{"line":324,"column":18},"end":{"line":324,"column":86}},"30":{"start":{"line":326,"column":16},"end":{"line":326,"column":32}},"31":{"start":{"line":332,"column":8},"end":{"line":332,"column":20}},"32":{"start":{"line":336,"column":2},"end":{"line":413,"column":4}},"33":{"start":{"line":416,"column":0},"end":{"line":416,"column":25}}},"fnMap":{"0":{"name":"(anonymous_0)","decl":{"start":{"line":47,"column":44},"end":{"line":47,"column":45}},"loc":{"start":{"line":52,"column":5},"end":{"line":414,"column":1}}},"1":{"name":"(anonymous_1)","decl":{"start":{"line":55,"column":28},"end":{"line":55,"column":29}},"loc":{"start":{"line":55,"column":52},"end":{"line":334,"column":3}}},"2":{"name":"(anonymous_2)","decl":{"start":{"line":118,"column":26},"end":{"line":118,"column":27}},"loc":{"start":{"line":118,"column":52},"end":{"line":118,"column":83}}},"3":{"name":"(anonymous_3)","decl":{"start":{"line":128,"column":37},"end":{"line":128,"column":38}},"loc":{"start":{"line":129,"column":18},"end":{"line":129,"column":47}}},"4":{"name":"(anonymous_4)","decl":{"start":{"line":151,"column":28},"end":{"line":151,"column":29}},"loc":{"start":{"line":151,"column":35},"end":{"line":151,"column":68}}},"5":{"name":"(anonymous_5)","decl":{"start":{"line":190,"column":26},"end":{"line":190,"column":27}},"loc":{"start":{"line":190,"column":36},"end":{"line":190,"column":57}}},"6":{"name":"(anonymous_6)","decl":{"start":{"line":192,"column":24},"end":{"line":192,"column":27}},"loc":{"start":{"line":192,"column":30},"end":{"line":192,"column":63}}},"7":{"name":"(anonymous_7)","decl":{"start":{"line":193,"column":25},"end":{"line":193,"column":28}},"loc":{"start":{"line":193,"column":31},"end":{"line":193,"column":57}}},"8":{"name":"(anonymous_8)","decl":{"start":{"line":236,"column":29},"end":{"line":236,"column":32}},"loc":{"start":{"line":236,"column":35},"end":{"line":236,"column":68}}},"9":{"name":"(anonymous_9)","decl":{"start":{"line":272,"column":30},"end":{"line":272,"column":31}},"loc":{"start":{"line":273,"column":16},"end":{"line":273,"column":66}}},"10":{"name":"(anonymous_10)","decl":{"start":{"line":276,"column":24},"end":{"line":276,"column":25}},"loc":{"start":{"line":276,"column":40},"end":{"line":278,"column":15}}},"11":{"name":"(anonymous_11)","decl":{"start":{"line":280,"column":29},"end":{"line":280,"column":30}},"loc":{"start":{"line":280,"column":50},"end":{"line":284,"column":15}}},"12":{"name":"(anonymous_12)","decl":{"start":{"line":285,"column":27},"end":{"line":285,"column":28}},"loc":{"start":{"line":286,"column":16},"end":{"line":318,"column":null}}},"13":{"name":"(anonymous_13)","decl":{"start":{"line":322,"column":29},"end":{"line":322,"column":30}},"loc":{"start":{"line":322,"column":49},"end":{"line":327,"column":15}}},"14":{"name":"(anonymous_14)","decl":{"start":{"line":323,"column":48},"end":{"line":323,"column":54}},"loc":{"start":{"line":324,"column":18},"end":{"line":324,"column":86}}}},"branchMap":{"0":{"loc":{"start":{"line":48,"column":2},"end":{"line":48,"column":28}},"type":"default-arg","locations":[{"start":{"line":48,"column":10},"end":{"line":48,"column":28}}]},"1":{"loc":{"start":{"line":56,"column":22},"end":{"line":58,"column":55}},"type":"cond-expr","locations":[{"start":{"line":57,"column":8},"end":{"line":57,"column":56}},{"start":{"line":58,"column":8},"end":{"line":58,"column":55}}]},"2":{"loc":{"start":{"line":60,"column":4},"end":{"line":333,"column":5}},"type":"switch","locations":[{"start":{"line":61,"column":6},"end":{"line":61,"column":18}},{"start":{"line":62,"column":6},"end":{"line":136,"column":10}},{"start":{"line":137,"column":6},"end":{"line":172,"column":10}},{"start":{"line":173,"column":6},"end":{"line":259,"column":10}},{"start":{"line":260,"column":6},"end":{"line":330,"column":10}},{"start":{"line":331,"column":6},"end":{"line":332,"column":20}}]},"3":{"loc":{"start":{"line":128,"column":17},"end":{"line":132,"column":18}},"type":"cond-expr","locations":[{"start":{"line":128,"column":31},"end":{"line":128,"column":33}},{"start":{"line":128,"column":31},"end":{"line":132,"column":18}}]},"4":{"loc":{"start":{"line":128,"column":17},"end":{"line":128,"column":33}},"type":"binary-expr","locations":[{"start":{"line":128,"column":17},"end":{"line":128,"column":33}},{"start":{"line":128,"column":31},"end":{"line":128,"column":33}}]},"5":{"loc":{"start":{"line":189,"column":23},"end":{"line":189,"column":43}},"type":"binary-expr","locations":[{"start":{"line":189,"column":23},"end":{"line":189,"column":35}},{"start":{"line":189,"column":39},"end":{"line":189,"column":43}}]},"6":{"loc":{"start":{"line":271,"column":23},"end":{"line":271,"column":43}},"type":"binary-expr","locations":[{"start":{"line":271,"column":23},"end":{"line":271,"column":37}},{"start":{"line":271,"column":41},"end":{"line":271,"column":43}}]},"7":{"loc":{"start":{"line":273,"column":16},"end":{"line":273,"column":66}},"type":"cond-expr","locations":[{"start":{"line":273,"column":45},"end":{"line":273,"column":51}},{"start":{"line":273,"column":54},"end":{"line":273,"column":66}}]},"8":{"loc":{"start":{"line":277,"column":32},"end":{"line":277,"column":56}},"type":"cond-expr","locations":[{"start":{"line":277,"column":43},"end":{"line":277,"column":51}},{"start":{"line":277,"column":54},"end":{"line":277,"column":56}}]},"9":{"loc":{"start":{"line":279,"column":26},"end":{"line":279,"column":103}},"type":"cond-expr","locations":[{"start":{"line":279,"column":61},"end":{"line":279,"column":73}},{"start":{"line":279,"column":77},"end":{"line":279,"column":102}}]},"10":{"loc":{"start":{"line":279,"column":77},"end":{"line":279,"column":102}},"type":"binary-expr","locations":[{"start":{"line":279,"column":77},"end":{"line":279,"column":96}},{"start":{"line":279,"column":100},"end":{"line":279,"column":102}}]},"11":{"loc":{"start":{"line":279,"column":77},"end":{"line":279,"column":96}},"type":"cond-expr","locations":[{"start":{"line":279,"column":89},"end":{"line":279,"column":91}},{"start":{"line":279,"column":89},"end":{"line":279,"column":96}}]},"12":{"loc":{"start":{"line":279,"column":77},"end":{"line":279,"column":91}},"type":"binary-expr","locations":[{"start":{"line":279,"column":77},"end":{"line":279,"column":91}},{"start":{"line":279,"column":89},"end":{"line":279,"column":91}}]},"13":{"loc":{"start":{"line":281,"column":16},"end":{"line":283,"column":17}},"type":"if","locations":[{"start":{"line":281,"column":16},"end":{"line":283,"column":17}}]},"14":{"loc":{"start":{"line":338,"column":7},"end":{"line":348,"column":null}},"type":"binary-expr","locations":[{"start":{"line":338,"column":7},"end":{"line":338,"column":12}},{"start":{"line":339,"column":8},"end":{"line":347,"column":null}}]}},"s":{"0":1,"1":1,"2":1,"3":1,"4":1,"5":1,"6":1,"7":1,"8":5,"9":5,"10":10,"11":10,"12":10,"13":0,"14":6,"15":0,"16":0,"17":0,"18":0,"19":0,"20":0,"21":0,"22":0,"23":0,"24":0,"25":0,"26":0,"27":0,"28":0,"29":0,"30":0,"31":0,"32":5,"33":1},"f":{"0":5,"1":10,"2":0,"3":6,"4":0,"5":0,"6":0,"7":0,"8":0,"9":0,"10":0,"11":0,"12":0,"13":0,"14":0},"b":{"0":[5],"1":[10,0],"2":[0,10,0,0,0,0],"3":[0,10],"4":[10,10],"5":[0,0],"6":[0,0],"7":[0,0],"8":[0,0],"9":[0,0],"10":[0,0],"11":[0,0],"12":[0,0],"13":[0],"14":[5,5]}}
,"C:\\Users\\yuri\\Documents\\GitHub\\API-2025.1-Frontend\\tecsus\\src\\components\\ui\\Searchbar.tsx": {"path":"C:\\Users\\yuri\\Documents\\GitHub\\API-2025.1-Frontend\\tecsus\\src\\components\\ui\\Searchbar.tsx","statementMap":{"0":{"start":{"line":2,"column":0},"end":{"line":2,"column":52}},"1":{"start":{"line":3,"column":0},"end":{"line":3,"column":42}},"2":{"start":{"line":12,"column":44},"end":{"line":42,"column":1}},"3":{"start":{"line":18,"column":24},"end":{"line":23,"column":3}},"4":{"start":{"line":19,"column":4},"end":{"line":22,"column":5}},"5":{"start":{"line":20,"column":6},"end":{"line":20,"column":29}},"6":{"start":{"line":21,"column":6},"end":{"line":21,"column":22}},"7":{"start":{"line":25,"column":2},"end":{"line":41,"column":4}},"8":{"start":{"line":44,"column":0},"end":{"line":44,"column":25}}},"fnMap":{"0":{"name":"(anonymous_1)","decl":{"start":{"line":12,"column":44},"end":{"line":12,"column":45}},"loc":{"start":{"line":17,"column":5},"end":{"line":42,"column":1}}},"1":{"name":"(anonymous_2)","decl":{"start":{"line":18,"column":24},"end":{"line":18,"column":25}},"loc":{"start":{"line":18,"column":73},"end":{"line":23,"column":3}}}},"branchMap":{"0":{"loc":{"start":{"line":13,"column":2},"end":{"line":13,"column":30}},"type":"default-arg","locations":[{"start":{"line":13,"column":16},"end":{"line":13,"column":30}}]},"1":{"loc":{"start":{"line":14,"column":2},"end":{"line":14,"column":12}},"type":"default-arg","locations":[{"start":{"line":14,"column":10},"end":{"line":14,"column":12}}]},"2":{"loc":{"start":{"line":19,"column":4},"end":{"line":22,"column":5}},"type":"if","locations":[{"start":{"line":19,"column":4},"end":{"line":22,"column":5}}]},"3":{"loc":{"start":{"line":19,"column":8},"end":{"line":19,"column":46}},"type":"binary-expr","locations":[{"start":{"line":19,"column":8},"end":{"line":19,"column":29}},{"start":{"line":19,"column":33},"end":{"line":19,"column":46}}]}},"s":{"0":1,"1":1,"2":1,"3":2,"4":5,"5":0,"6":0,"7":2,"8":1},"f":{"0":2,"1":5},"b":{"0":[2],"1":[0],"2":[0],"3":[5,0]}}
,"C:\\Users\\yuri\\Documents\\GitHub\\API-2025.1-Frontend\\tecsus\\src\\components\\ui\\StatusIcon.tsx": {"path":"C:\\Users\\yuri\\Documents\\GitHub\\API-2025.1-Frontend\\tecsus\\src\\components\\ui\\StatusIcon.tsx","statementMap":{"0":{"start":{"line":2,"column":0},"end":{"line":2,"column":36}},"1":{"start":{"line":9,"column":46},"end":{"line":35,"column":1}},"2":{"start":{"line":11,"column":19},"end":{"line":22,"column":3}},"3":{"start":{"line":12,"column":4},"end":{"line":21,"column":5}},"4":{"start":{"line":14,"column":8},"end":{"line":14,"column":21}},"5":{"start":{"line":16,"column":8},"end":{"line":16,"column":23}},"6":{"start":{"line":18,"column":8},"end":{"line":18,"column":24}},"7":{"start":{"line":20,"column":8},"end":{"line":20,"column":22}},"8":{"start":{"line":24,"column":2},"end":{"line":34,"column":4}},"9":{"start":{"line":37,"column":0},"end":{"line":37,"column":26}}},"fnMap":{"0":{"name":"(anonymous_0)","decl":{"start":{"line":9,"column":46},"end":{"line":9,"column":47}},"loc":{"start":{"line":9,"column":72},"end":{"line":35,"column":1}}},"1":{"name":"(anonymous_1)","decl":{"start":{"line":11,"column":19},"end":{"line":11,"column":20}},"loc":{"start":{"line":11,"column":38},"end":{"line":22,"column":3}}}},"branchMap":{"0":{"loc":{"start":{"line":9,"column":57},"end":{"line":9,"column":66}},"type":"default-arg","locations":[{"start":{"line":9,"column":64},"end":{"line":9,"column":66}}]},"1":{"loc":{"start":{"line":12,"column":4},"end":{"line":21,"column":5}},"type":"switch","locations":[{"start":{"line":13,"column":6},"end":{"line":14,"column":21}},{"start":{"line":15,"column":6},"end":{"line":16,"column":23}},{"start":{"line":17,"column":6},"end":{"line":18,"column":24}},{"start":{"line":19,"column":6},"end":{"line":20,"column":22}}]}},"s":{"0":1,"1":1,"2":4,"3":4,"4":1,"5":1,"6":1,"7":1,"8":4,"9":1},"f":{"0":4,"1":4},"b":{"0":[0],"1":[1,1,1,1]}}
,"C:\\Users\\yuri\\Documents\\GitHub\\API-2025.1-Frontend\\tecsus\\src\\components\\ui\\TableExemple.tsx": {"path":"C:\\Users\\yuri\\Documents\\GitHub\\API-2025.1-Frontend\\tecsus\\src\\components\\ui\\TableExemple.tsx","statementMap":{"0":{"start":{"line":2,"column":0},"end":{"line":2,"column":56}},"1":{"start":{"line":3,"column":0},"end":{"line":3,"column":38}},"2":{"start":{"line":5,"column":13},"end":{"line":10,"column":2}},"3":{"start":{"line":12,"column":30},"end":{"line":21,"column":2}},"4":{"start":{"line":19,"column":28},"end":{"line":19,"column":74}},"5":{"start":{"line":23,"column":30},"end":{"line":38,"column":1}},"6":{"start":{"line":24,"column":2},"end":{"line":37,"column":4}},"7":{"start":{"line":40,"column":0},"end":{"line":40,"column":27}}},"fnMap":{"0":{"name":"(anonymous_1)","decl":{"start":{"line":19,"column":16},"end":{"line":19,"column":17}},"loc":{"start":{"line":19,"column":28},"end":{"line":19,"column":74}}},"1":{"name":"(anonymous_2)","decl":{"start":{"line":23,"column":30},"end":{"line":23,"column":33}},"loc":{"start":{"line":23,"column":35},"end":{"line":38,"column":1}}}},"branchMap":{},"s":{"0":1,"1":1,"2":1,"3":1,"4":4,"5":1,"6":1,"7":1},"f":{"0":4,"1":1},"b":{}}
,"C:\\Users\\yuri\\Documents\\GitHub\\API-2025.1-Frontend\\tecsus\\src\\layout\\layoutLogged.tsx": {"path":"C:\\Users\\yuri\\Documents\\GitHub\\API-2025.1-Frontend\\tecsus\\src\\layout\\layoutLogged.tsx","statementMap":{"0":{"start":{"line":2,"column":0},"end":{"line":2,"column":36}},"1":{"start":{"line":3,"column":0},"end":{"line":3,"column":43}},"2":{"start":{"line":5,"column":28},"end":{"line":24,"column":1}},"3":{"start":{"line":6,"column":2},"end":{"line":23,"column":4}},"4":{"start":{"line":5,"column":13},"end":{"line":5,"column":28}}},"fnMap":{"0":{"name":"(anonymous_1)","decl":{"start":{"line":5,"column":28},"end":{"line":5,"column":29}},"loc":{"start":{"line":5,"column":76},"end":{"line":24,"column":1}}}},"branchMap":{},"s":{"0":1,"1":1,"2":1,"3":1,"4":1},"f":{"0":1},"b":{}}
,"C:\\Users\\yuri\\Documents\\GitHub\\API-2025.1-Frontend\\tecsus\\src\\layout\\navigation\\sidebar.tsx": {"path":"C:\\Users\\yuri\\Documents\\GitHub\\API-2025.1-Frontend\\tecsus\\src\\layout\\navigation\\sidebar.tsx","statementMap":{"0":{"start":{"line":1,"column":0},"end":{"line":1,"column":33}},"1":{"start":{"line":2,"column":0},"end":{"line":2,"column":null}},"2":{"start":{"line":15,"column":0},"end":{"line":15,"column":48}},"3":{"start":{"line":16,"column":0},"end":{"line":16,"column":54}},"4":{"start":{"line":17,"column":0},"end":{"line":17,"column":78}},"5":{"start":{"line":18,"column":0},"end":{"line":18,"column":82}},"6":{"start":{"line":19,"column":0},"end":{"line":19,"column":66}},"7":{"start":{"line":20,"column":0},"end":{"line":20,"column":48}},"8":{"start":{"line":21,"column":0},"end":{"line":21,"column":54}},"9":{"start":{"line":22,"column":0},"end":{"line":22,"column":50}},"10":{"start":{"line":23,"column":0},"end":{"line":23,"column":53}},"11":{"start":{"line":24,"column":0},"end":{"line":24,"column":55}},"12":{"start":{"line":25,"column":0},"end":{"line":25,"column":47}},"13":{"start":{"line":27,"column":20},"end":{"line":27,"column":23}},"14":{"start":{"line":29,"column":18},"end":{"line":63,"column":2}},"15":{"start":{"line":69,"column":16},"end":{"line":250,"column":1}},"16":{"start":{"line":70,"column":21},"end":{"line":70,"column":26}},"17":{"start":{"line":71,"column":38},"end":{"line":71,"column":53}},"18":{"start":{"line":72,"column":21},"end":{"line":72,"column":36}},"19":{"start":{"line":74,"column":21},"end":{"line":74,"column":30}},"20":{"start":{"line":75,"column":19},"end":{"line":75,"column":32}},"21":{"start":{"line":76,"column":19},"end":{"line":76,"column":32}},"22":{"start":{"line":78,"column":23},"end":{"line":81,"column":3}},"23":{"start":{"line":79,"column":4},"end":{"line":79,"column":13}},"24":{"start":{"line":80,"column":4},"end":{"line":80,"column":18}},"25":{"start":{"line":83,"column":29},"end":{"line":85,"column":3}},"26":{"start":{"line":84,"column":4},"end":{"line":84,"column":31}},"27":{"start":{"line":87,"column":26},"end":{"line":87,"column":57}},"28":{"start":{"line":90,"column":4},"end":{"line":188,"column":null}},"29":{"start":{"line":101,"column":12},"end":{"line":103,"column":44}},"30":{"start":{"line":105,"column":10},"end":{"line":138,"column":12}},"31":{"start":{"line":112,"column":45},"end":{"line":112,"column":69}},"32":{"start":{"line":192,"column":20},"end":{"line":192,"column":83}},"33":{"start":{"line":192,"column":49},"end":{"line":192,"column":71}},"34":{"start":{"line":194,"column":2},"end":{"line":249,"column":4}},"35":{"start":{"line":252,"column":0},"end":{"line":252,"column":23}}},"fnMap":{"0":{"name":"(anonymous_1)","decl":{"start":{"line":69,"column":16},"end":{"line":69,"column":17}},"loc":{"start":{"line":69,"column":33},"end":{"line":250,"column":1}}},"1":{"name":"(anonymous_2)","decl":{"start":{"line":78,"column":23},"end":{"line":78,"column":26}},"loc":{"start":{"line":78,"column":28},"end":{"line":81,"column":3}}},"2":{"name":"(anonymous_3)","decl":{"start":{"line":83,"column":29},"end":{"line":83,"column":32}},"loc":{"start":{"line":83,"column":34},"end":{"line":85,"column":3}}},"3":{"name":"(anonymous_4)","decl":{"start":{"line":99,"column":23},"end":{"line":99,"column":24}},"loc":{"start":{"line":99,"column":32},"end":{"line":139,"column":9}}},"4":{"name":"(anonymous_5)","decl":{"start":{"line":112,"column":34},"end":{"line":112,"column":35}},"loc":{"start":{"line":112,"column":45},"end":{"line":112,"column":69}}},"5":{"name":"(anonymous_6)","decl":{"start":{"line":192,"column":43},"end":{"line":192,"column":46}},"loc":{"start":{"line":192,"column":49},"end":{"line":192,"column":71}}}},"branchMap":{"0":{"loc":{"start":{"line":101,"column":12},"end":{"line":103,"column":44}},"type":"binary-expr","locations":[{"start":{"line":101,"column":13},"end":{"line":101,"column":31}},{"start":{"line":101,"column":35},"end":{"line":101,"column":81}},{"start":{"line":102,"column":13},"end":{"line":102,"column":29}},{"start":{"line":102,"column":33},"end":{"line":102,"column":79}},{"start":{"line":103,"column":12},"end":{"line":103,"column":44}}]},"1":{"loc":{"start":{"line":107,"column":15},"end":{"line":136,"column":22}},"type":"cond-expr","locations":[{"start":{"line":108,"column":16},"end":{"line":134,"column":null}},{"start":{"line":136,"column":18},"end":{"line":136,"column":22}}]},"2":{"loc":{"start":{"line":107,"column":15},"end":{"line":107,"column":47}},"type":"binary-expr","locations":[{"start":{"line":107,"column":15},"end":{"line":107,"column":25}},{"start":{"line":107,"column":29},"end":{"line":107,"column":47}}]},"3":{"loc":{"start":{"line":110,"column":22},"end":{"line":110,"column":65}},"type":"binary-expr","locations":[{"start":{"line":110,"column":22},"end":{"line":110,"column":32}},{"start":{"line":110,"column":36},"end":{"line":110,"column":59}},{"start":{"line":110,"column":63},"end":{"line":110,"column":65}}]},"4":{"loc":{"start":{"line":110,"column":36},"end":{"line":110,"column":59}},"type":"cond-expr","locations":[{"start":{"line":110,"column":54},"end":{"line":110,"column":57}},{"start":{"line":110,"column":54},"end":{"line":110,"column":59}}]},"5":{"loc":{"start":{"line":110,"column":36},"end":{"line":110,"column":57}},"type":"binary-expr","locations":[{"start":{"line":110,"column":36},"end":{"line":110,"column":57}},{"start":{"line":110,"column":54},"end":{"line":110,"column":57}}]},"6":{"loc":{"start":{"line":113,"column":37},"end":{"line":113,"column":73}},"type":"cond-expr","locations":[{"start":{"line":113,"column":48},"end":{"line":113,"column":57}},{"start":{"line":113,"column":60},"end":{"line":113,"column":73}}]},"7":{"loc":{"start":{"line":114,"column":27},"end":{"line":114,"column":73}},"type":"cond-expr","locations":[{"start":{"line":114,"column":38},"end":{"line":114,"column":63}},{"start":{"line":114,"column":66},"end":{"line":114,"column":73}}]},"8":{"loc":{"start":{"line":123,"column":29},"end":{"line":123,"column":74}},"type":"cond-expr","locations":[{"start":{"line":123,"column":40},"end":{"line":123,"column":65}},{"start":{"line":123,"column":68},"end":{"line":123,"column":74}}]},"9":{"loc":{"start":{"line":157,"column":21},"end":{"line":157,"column":73}},"type":"cond-expr","locations":[{"start":{"line":157,"column":39},"end":{"line":157,"column":64}},{"start":{"line":157,"column":67},"end":{"line":157,"column":73}}]},"10":{"loc":{"start":{"line":171,"column":19},"end":{"line":171,"column":72}},"type":"cond-expr","locations":[{"start":{"line":171,"column":37},"end":{"line":171,"column":62}},{"start":{"line":171,"column":65},"end":{"line":171,"column":72}}]},"11":{"loc":{"start":{"line":192,"column":20},"end":{"line":192,"column":83}},"type":"cond-expr","locations":[{"start":{"line":192,"column":43},"end":{"line":192,"column":71}},{"start":{"line":192,"column":74},"end":{"line":192,"column":83}}]}},"s":{"0":1,"1":1,"2":1,"3":1,"4":1,"5":1,"6":1,"7":1,"8":1,"9":1,"10":1,"11":1,"12":1,"13":1,"14":1,"15":1,"16":1,"17":1,"18":1,"19":1,"20":1,"21":1,"22":1,"23":0,"24":0,"25":1,"26":0,"27":1,"28":1,"29":5,"30":5,"31":10,"32":1,"33":0,"34":1,"35":1},"f":{"0":1,"1":0,"2":0,"3":5,"4":10,"5":0},"b":{"0":[5,4,5,4,5],"1":[5,0],"2":[5,2],"3":[5,2,0],"4":[0,2],"5":[2,2],"6":[0,5],"7":[0,5],"8":[0,5],"9":[0,1],"10":[0,1],"11":[0,1]}}
,"C:\\Users\\yuri\\Documents\\GitHub\\API-2025.1-Frontend\\tecsus\\src\\pages\\AlertType.tsx": {"path":"C:\\Users\\yuri\\Documents\\GitHub\\API-2025.1-Frontend\\tecsus\\src\\pages\\AlertType.tsx","statementMap":{"0":{"start":{"line":1,"column":0},"end":{"line":1,"column":59}},"1":{"start":{"line":2,"column":0},"end":{"line":2,"column":58}},"2":{"start":{"line":3,"column":0},"end":{"line":3,"column":null}},"3":{"start":{"line":10,"column":0},"end":{"line":10,"column":null}},"4":{"start":{"line":17,"column":0},"end":{"line":17,"column":54}},"5":{"start":{"line":18,"column":0},"end":{"line":18,"column":59}},"6":{"start":{"line":19,"column":0},"end":{"line":19,"column":54}},"7":{"start":{"line":20,"column":0},"end":{"line":20,"column":63}},"8":{"start":{"line":30,"column":22},"end":{"line":210,"column":1}},"9":{"start":{"line":31,"column":17},"end":{"line":31,"column":44}},"10":{"start":{"line":32,"column":19},"end":{"line":32,"column":32}},"11":{"start":{"line":34,"column":32},"end":{"line":34,"column":46}},"12":{"start":{"line":35,"column":34},"end":{"line":35,"column":49}},"13":{"start":{"line":36,"column":28},"end":{"line":36,"column":57}},"14":{"start":{"line":39,"column":44},"end":{"line":39,"column":84}},"15":{"start":{"line":41,"column":34},"end":{"line":41,"column":70}},"16":{"start":{"line":42,"column":38},"end":{"line":42,"column":90}},"17":{"start":{"line":43,"column":21},"end":{"line":43,"column":34}},"18":{"start":{"line":45,"column":2},"end":{"line":91,"column":11}},"19":{"start":{"line":46,"column":22},"end":{"line":85,"column":6}},"20":{"start":{"line":46,"column":33},"end":{"line":85,"column":6}},"21":{"start":{"line":47,"column":6},"end":{"line":84,"column":7}},"22":{"start":{"line":48,"column":8},"end":{"line":48,"column":25}},"23":{"start":{"line":50,"column":27},"end":{"line":50,"column":62}},"24":{"start":{"line":51,"column":25},"end":{"line":51,"column":72}},"25":{"start":{"line":53,"column":8},"end":{"line":78,"column":9}},"26":{"start":{"line":54,"column":24},"end":{"line":54,"column":37}},"27":{"start":{"line":56,"column":26},"end":{"line":57,"column":null}},"28":{"start":{"line":57,"column":12},"end":{"line":57,"column":null}},"29":{"start":{"line":57,"column":49},"end":{"line":57,"column":86}},"30":{"start":{"line":60,"column":28},"end":{"line":60,"column":39}},"31":{"start":{"line":62,"column":28},"end":{"line":67,"column":16}},"32":{"start":{"line":63,"column":56},"end":{"line":66,"column":16}},"33":{"start":{"line":69,"column":10},"end":{"line":69,"column":39}},"34":{"start":{"line":70,"column":10},"end":{"line":70,"column":35}},"35":{"start":{"line":72,"column":10},"end":{"line":75,"column":13}},"36":{"start":{"line":77,"column":10},"end":{"line":77,"column":145}},"37":{"start":{"line":80,"column":8},"end":{"line":80,"column":null}},"38":{"start":{"line":81,"column":8},"end":{"line":81,"column":104}},"39":{"start":{"line":83,"column":8},"end":{"line":83,"column":26}},"40":{"start":{"line":87,"column":4},"end":{"line":90,"column":5}},"41":{"start":{"line":88,"column":6},"end":{"line":88,"column":18}},"42":{"start":{"line":89,"column":6},"end":{"line":89,"column":32}},"43":{"start":{"line":93,"column":23},"end":{"line":101,"column":4}},"44":{"start":{"line":93,"column":55},"end":{"line":101,"column":4}},"45":{"start":{"line":94,"column":4},"end":{"line":94,"column":20}},"46":{"start":{"line":94,"column":13},"end":{"line":94,"column":20}},"47":{"start":{"line":96,"column":16},"end":{"line":96,"column":72}},"48":{"start":{"line":98,"column":4},"end":{"line":100,"column":5}},"49":{"start":{"line":99,"column":6},"end":{"line":99,"column":25}},"50":{"start":{"line":103,"column":29},"end":{"line":111,"column":4}},"51":{"start":{"line":103,"column":40},"end":{"line":111,"column":4}},"52":{"start":{"line":104,"column":4},"end":{"line":104,"column":20}},"53":{"start":{"line":104,"column":13},"end":{"line":104,"column":20}},"54":{"start":{"line":106,"column":16},"end":{"line":106,"column":70}},"55":{"start":{"line":108,"column":4},"end":{"line":110,"column":5}},"56":{"start":{"line":109,"column":6},"end":{"line":109,"column":24}},"57":{"start":{"line":113,"column":2},"end":{"line":121,"column":3}},"58":{"start":{"line":114,"column":4},"end":{"line":120,"column":6}},"59":{"start":{"line":123,"column":2},"end":{"line":134,"column":3}},"60":{"start":{"line":124,"column":4},"end":{"line":133,"column":6}},"61":{"start":{"line":129,"column":55},"end":{"line":129,"column":83}},"62":{"start":{"line":136,"column":2},"end":{"line":209,"column":4}},"63":{"start":{"line":153,"column":29},"end":{"line":153,"column":46}},"64":{"start":{"line":161,"column":27},"end":{"line":161,"column":48}},"65":{"start":{"line":173,"column":31},"end":{"line":173,"column":49}},"66":{"start":{"line":195,"column":18},"end":{"line":197,"column":null}},"67":{"start":{"line":212,"column":0},"end":{"line":212,"column":29}}},"fnMap":{"0":{"name":"(anonymous_8)","decl":{"start":{"line":30,"column":22},"end":{"line":30,"column":25}},"loc":{"start":{"line":30,"column":27},"end":{"line":210,"column":1}}},"1":{"name":"(anonymous_9)","decl":{"start":{"line":45,"column":12},"end":{"line":45,"column":15}},"loc":{"start":{"line":45,"column":17},"end":{"line":91,"column":3}}},"2":{"name":"(anonymous_10)","decl":{"start":{"line":46,"column":22},"end":{"line":46,"column":31}},"loc":{"start":{"line":46,"column":33},"end":{"line":85,"column":6}}},"3":{"name":"(anonymous_11)","decl":{"start":{"line":46,"column":33},"end":{"line":46,"column":null}},"loc":{"start":{"line":46,"column":33},"end":{"line":85,"column":5}}},"4":{"name":"(anonymous_12)","decl":{"start":{"line":56,"column":47},"end":{"line":56,"column":48}},"loc":{"start":{"line":56,"column":75},"end":{"line":57,"column":null}}},"5":{"name":"(anonymous_13)","decl":{"start":{"line":57,"column":31},"end":{"line":57,"column":32}},"loc":{"start":{"line":57,"column":49},"end":{"line":57,"column":86}}},"6":{"name":"(anonymous_14)","decl":{"start":{"line":63,"column":37},"end":{"line":63,"column":38}},"loc":{"start":{"line":63,"column":56},"end":{"line":66,"column":16}}},"7":{"name":"(anonymous_15)","decl":{"start":{"line":93,"column":23},"end":{"line":93,"column":30}},"loc":{"start":{"line":93,"column":55},"end":{"line":101,"column":4}}},"8":{"name":"(anonymous_16)","decl":{"start":{"line":93,"column":55},"end":{"line":93,"column":null}},"loc":{"start":{"line":93,"column":55},"end":{"line":101,"column":3}}},"9":{"name":"(anonymous_17)","decl":{"start":{"line":103,"column":29},"end":{"line":103,"column":38}},"loc":{"start":{"line":103,"column":40},"end":{"line":111,"column":4}}},"10":{"name":"(anonymous_18)","decl":{"start":{"line":103,"column":40},"end":{"line":103,"column":null}},"loc":{"start":{"line":103,"column":40},"end":{"line":111,"column":3}}},"11":{"name":"(anonymous_19)","decl":{"start":{"line":129,"column":49},"end":{"line":129,"column":52}},"loc":{"start":{"line":129,"column":55},"end":{"line":129,"column":83}}},"12":{"name":"(anonymous_20)","decl":{"start":{"line":153,"column":23},"end":{"line":153,"column":26}},"loc":{"start":{"line":153,"column":29},"end":{"line":153,"column":46}}},"13":{"name":"(anonymous_21)","decl":{"start":{"line":161,"column":21},"end":{"line":161,"column":24}},"loc":{"start":{"line":161,"column":27},"end":{"line":161,"column":48}}},"14":{"name":"(anonymous_22)","decl":{"start":{"line":173,"column":25},"end":{"line":173,"column":28}},"loc":{"start":{"line":173,"column":31},"end":{"line":173,"column":49}}},"15":{"name":"(anonymous_23)","decl":{"start":{"line":194,"column":25},"end":{"line":194,"column":28}},"loc":{"start":{"line":194,"column":30},"end":{"line":197,"column":null}}}},"branchMap":{"0":{"loc":{"start":{"line":53,"column":8},"end":{"line":78,"column":9}},"type":"if","locations":[{"start":{"line":53,"column":8},"end":{"line":78,"column":9}},{"start":{"line":76,"column":15},"end":{"line":78,"column":9}}]},"1":{"loc":{"start":{"line":53,"column":12},"end":{"line":53,"column":86}},"type":"binary-expr","locations":[{"start":{"line":53,"column":12},"end":{"line":53,"column":30}},{"start":{"line":53,"column":34},"end":{"line":53,"column":50}},{"start":{"line":53,"column":54},"end":{"line":53,"column":69}},{"start":{"line":53,"column":73},"end":{"line":53,"column":86}}]},"2":{"loc":{"start":{"line":57,"column":12},"end":{"line":57,"column":87}},"type":"cond-expr","locations":[{"start":{"line":57,"column":24},"end":{"line":57,"column":26}},{"start":{"line":57,"column":24},"end":{"line":57,"column":87}}]},"3":{"loc":{"start":{"line":57,"column":12},"end":{"line":57,"column":26}},"type":"binary-expr","locations":[{"start":{"line":57,"column":12},"end":{"line":57,"column":26}},{"start":{"line":57,"column":24},"end":{"line":57,"column":26}}]},"4":{"loc":{"start":{"line":60,"column":28},"end":{"line":60,"column":39}},"type":"cond-expr","locations":[{"start":{"line":60,"column":35},"end":{"line":60,"column":37}},{"start":{"line":60,"column":28},"end":{"line":60,"column":39}}]},"5":{"loc":{"start":{"line":60,"column":28},"end":{"line":60,"column":37}},"type":"binary-expr","locations":[{"start":{"line":60,"column":28},"end":{"line":60,"column":37}},{"start":{"line":60,"column":28},"end":{"line":60,"column":37}}]},"6":{"loc":{"start":{"line":62,"column":28},"end":{"line":67,"column":16}},"type":"cond-expr","locations":[{"start":{"line":63,"column":14},"end":{"line":66,"column":17}},{"start":{"line":67,"column":14},"end":{"line":67,"column":16}}]},"7":{"loc":{"start":{"line":87,"column":4},"end":{"line":90,"column":5}},"type":"if","locations":[{"start":{"line":87,"column":4},"end":{"line":90,"column":5}}]},"8":{"loc":{"start":{"line":87,"column":8},"end":{"line":87,"column":33}},"type":"binary-expr","locations":[{"start":{"line":87,"column":8},"end":{"line":87,"column":10}},{"start":{"line":87,"column":14},"end":{"line":87,"column":33}}]},"9":{"loc":{"start":{"line":94,"column":4},"end":{"line":94,"column":20}},"type":"if","locations":[{"start":{"line":94,"column":4},"end":{"line":94,"column":20}}]},"10":{"loc":{"start":{"line":98,"column":4},"end":{"line":100,"column":5}},"type":"if","locations":[{"start":{"line":98,"column":4},"end":{"line":100,"column":5}}]},"11":{"loc":{"start":{"line":104,"column":4},"end":{"line":104,"column":20}},"type":"if","locations":[{"start":{"line":104,"column":4},"end":{"line":104,"column":20}}]},"12":{"loc":{"start":{"line":108,"column":4},"end":{"line":110,"column":5}},"type":"if","locations":[{"start":{"line":108,"column":4},"end":{"line":110,"column":5}}]},"13":{"loc":{"start":{"line":113,"column":2},"end":{"line":121,"column":3}},"type":"if","locations":[{"start":{"line":113,"column":2},"end":{"line":121,"column":3}}]},"14":{"loc":{"start":{"line":123,"column":2},"end":{"line":134,"column":3}},"type":"if","locations":[{"start":{"line":123,"column":2},"end":{"line":134,"column":3}}]},"15":{"loc":{"start":{"line":123,"column":6},"end":{"line":123,"column":29}},"type":"binary-expr","locations":[{"start":{"line":123,"column":6},"end":{"line":123,"column":11}},{"start":{"line":123,"column":15},"end":{"line":123,"column":29}}]},"16":{"loc":{"start":{"line":128,"column":52},"end":{"line":128,"column":93}},"type":"binary-expr","locations":[{"start":{"line":128,"column":52},"end":{"line":128,"column":57}},{"start":{"line":128,"column":61},"end":{"line":128,"column":93}}]},"17":{"loc":{"start":{"line":148,"column":10},"end":{"line":204,"column":null}},"type":"cond-expr","locations":[{"start":{"line":149,"column":12},"end":{"line":166,"column":null}},{"start":{"line":169,"column":12},"end":{"line":202,"column":null}}]},"18":{"loc":{"start":{"line":179,"column":15},"end":{"line":188,"column":null}},"type":"binary-expr","locations":[{"start":{"line":179,"column":15},"end":{"line":179,"column":38}},{"start":{"line":180,"column":16},"end":{"line":185,"column":null}}]},"19":{"loc":{"start":{"line":195,"column":18},"end":{"line":196,"column":null}},"type":"cond-expr","locations":[{"start":{"line":195,"column":48},"end":{"line":195,"column":50}},{"start":{"line":195,"column":48},"end":{"line":196,"column":null}}]},"20":{"loc":{"start":{"line":195,"column":18},"end":{"line":195,"column":50}},"type":"binary-expr","locations":[{"start":{"line":195,"column":18},"end":{"line":195,"column":50}},{"start":{"line":195,"column":48},"end":{"line":195,"column":50}}]}},"s":{"0":1,"1":1,"2":1,"3":1,"4":1,"5":1,"6":1,"7":1,"8":1,"9":1,"10":1,"11":1,"12":1,"13":1,"14":1,"15":1,"16":1,"17":1,"18":1,"19":1,"20":0,"21":0,"22":0,"23":0,"24":0,"25":0,"26":0,"27":0,"28":0,"29":0,"30":0,"31":0,"32":0,"33":0,"34":0,"35":0,"36":0,"37":0,"38":0,"39":0,"40":1,"41":0,"42":0,"43":1,"44":0,"45":0,"46":0,"47":0,"48":0,"49":0,"50":1,"51":0,"52":0,"53":0,"54":0,"55":0,"56":0,"57":1,"58":1,"59":0,"60":0,"61":0,"62":0,"63":0,"64":0,"65":0,"66":0,"67":1},"f":{"0":1,"1":1,"2":0,"3":0,"4":0,"5":0,"6":0,"7":0,"8":0,"9":0,"10":0,"11":0,"12":0,"13":0,"14":0,"15":0},"b":{"0":[0,0],"1":[0,0,0,0],"2":[0,0],"3":[0,0],"4":[0,0],"5":[0,0],"6":[0,0],"7":[0],"8":[1,0],"9":[0],"10":[0],"11":[0],"12":[0],"13":[1],"14":[0],"15":[0,0],"16":[0,0],"17":[0,0],"18":[0,0],"19":[0,0],"20":[0,0]}}
,"C:\\Users\\yuri\\Documents\\GitHub\\API-2025.1-Frontend\\tecsus\\src\\pages\\AlertsList.tsx": {"path":"C:\\Users\\yuri\\Documents\\GitHub\\API-2025.1-Frontend\\tecsus\\src\\pages\\AlertsList.tsx","statementMap":{"0":{"start":{"line":26,"column":0},"end":{"line":26,"column":24}},"1":{"start":{"line":1,"column":0},"end":{"line":1,"column":33}},"2":{"start":{"line":2,"column":0},"end":{"line":2,"column":null}},"3":{"start":{"line":9,"column":0},"end":{"line":9,"column":50}},"4":{"start":{"line":10,"column":0},"end":{"line":10,"column":59}},"5":{"start":{"line":12,"column":0},"end":{"line":12,"column":52}},"6":{"start":{"line":13,"column":0},"end":{"line":13,"column":51}},"7":{"start":{"line":14,"column":0},"end":{"line":14,"column":68}},"8":{"start":{"line":31,"column":44},"end":{"line":31,"column":64}},"9":{"start":{"line":32,"column":40},"end":{"line":32,"column":60}},"10":{"start":{"line":33,"column":36},"end":{"line":33,"column":56}},"11":{"start":{"line":35,"column":15},"end":{"line":35,"column":24}},"12":{"start":{"line":37,"column":23},"end":{"line":39,"column":3}},"13":{"start":{"line":38,"column":4},"end":{"line":38,"column":56}},"14":{"start":{"line":41,"column":29},"end":{"line":46,"column":3}},"15":{"start":{"line":42,"column":4},"end":{"line":42,"column":25}},"16":{"start":{"line":43,"column":4},"end":{"line":43,"column":23}},"17":{"start":{"line":44,"column":4},"end":{"line":44,"column":21}},"18":{"start":{"line":45,"column":4},"end":{"line":45,"column":68}},"19":{"start":{"line":48,"column":25},"end":{"line":57,"column":4}},"20":{"start":{"line":48,"column":46},"end":{"line":57,"column":4}},"21":{"start":{"line":49,"column":4},"end":{"line":49,"column":49}},"22":{"start":{"line":50,"column":19},"end":{"line":50,"column":56}},"23":{"start":{"line":51,"column":4},"end":{"line":56,"column":5}},"24":{"start":{"line":52,"column":6},"end":{"line":52,"column":48}},"25":{"start":{"line":52,"column":31},"end":{"line":52,"column":46}},"26":{"start":{"line":53,"column":6},"end":{"line":53,"column":27}},"27":{"start":{"line":55,"column":6},"end":{"line":55,"column":60}},"28":{"start":{"line":59,"column":27},"end":{"line":62,"column":5}},"29":{"start":{"line":59,"column":59},"end":{"line":59,"column":80}},"30":{"start":{"line":59,"column":97},"end":{"line":62,"column":4}},"31":{"start":{"line":64,"column":25},"end":{"line":67,"column":5}},"32":{"start":{"line":64,"column":57},"end":{"line":64,"column":75}},"33":{"start":{"line":64,"column":95},"end":{"line":67,"column":4}},"34":{"start":{"line":69,"column":35},"end":{"line":74,"column":4}},"35":{"start":{"line":76,"column":33},"end":{"line":95,"column":4}},"36":{"start":{"line":82,"column":27},"end":{"line":82,"column":50}},"37":{"start":{"line":91,"column":27},"end":{"line":91,"column":48}},"38":{"start":{"line":97,"column":2},"end":{"line":192,"column":4}},"39":{"start":{"line":153,"column":12},"end":{"line":163,"column":13}},"40":{"start":{"line":154,"column":27},"end":{"line":154,"column":64}},"41":{"start":{"line":155,"column":14},"end":{"line":162,"column":17}},"42":{"start":{"line":164,"column":12},"end":{"line":164,"column":45}},"43":{"start":{"line":167,"column":12},"end":{"line":186,"column":null}},"44":{"start":{"line":182,"column":33},"end":{"line":182,"column":55}}},"fnMap":{"0":{"name":"AlertsListPage","decl":{"start":{"line":26,"column":24},"end":{"line":26,"column":38}},"loc":{"start":{"line":30,"column":19},"end":{"line":193,"column":1}}},"1":{"name":"(anonymous_9)","decl":{"start":{"line":37,"column":23},"end":{"line":37,"column":26}},"loc":{"start":{"line":37,"column":28},"end":{"line":39,"column":3}}},"2":{"name":"(anonymous_10)","decl":{"start":{"line":41,"column":29},"end":{"line":41,"column":32}},"loc":{"start":{"line":41,"column":34},"end":{"line":46,"column":3}}},"3":{"name":"(anonymous_11)","decl":{"start":{"line":48,"column":25},"end":{"line":48,"column":32}},"loc":{"start":{"line":48,"column":46},"end":{"line":57,"column":4}}},"4":{"name":"(anonymous_12)","decl":{"start":{"line":48,"column":46},"end":{"line":48,"column":null}},"loc":{"start":{"line":48,"column":46},"end":{"line":57,"column":3}}},"5":{"name":"(anonymous_13)","decl":{"start":{"line":52,"column":20},"end":{"line":52,"column":21}},"loc":{"start":{"line":52,"column":31},"end":{"line":52,"column":46}}},"6":{"name":"(anonymous_14)","decl":{"start":{"line":59,"column":50},"end":{"line":59,"column":55}},"loc":{"start":{"line":59,"column":59},"end":{"line":59,"column":80}}},"7":{"name":"(anonymous_15)","decl":{"start":{"line":59,"column":88},"end":{"line":59,"column":92}},"loc":{"start":{"line":59,"column":97},"end":{"line":62,"column":4}}},"8":{"name":"(anonymous_16)","decl":{"start":{"line":64,"column":48},"end":{"line":64,"column":53}},"loc":{"start":{"line":64,"column":57},"end":{"line":64,"column":75}}},"9":{"name":"(anonymous_17)","decl":{"start":{"line":64,"column":83},"end":{"line":64,"column":90}},"loc":{"start":{"line":64,"column":95},"end":{"line":67,"column":4}}},"10":{"name":"(anonymous_18)","decl":{"start":{"line":82,"column":16},"end":{"line":82,"column":17}},"loc":{"start":{"line":82,"column":27},"end":{"line":82,"column":50}}},"11":{"name":"(anonymous_19)","decl":{"start":{"line":91,"column":16},"end":{"line":91,"column":17}},"loc":{"start":{"line":91,"column":27},"end":{"line":91,"column":48}}},"12":{"name":"(anonymous_20)","decl":{"start":{"line":152,"column":22},"end":{"line":152,"column":23}},"loc":{"start":{"line":152,"column":38},"end":{"line":165,"column":11}}},"13":{"name":"(anonymous_21)","decl":{"start":{"line":166,"column":25},"end":{"line":166,"column":26}},"loc":{"start":{"line":167,"column":12},"end":{"line":186,"column":null}}},"14":{"name":"(anonymous_22)","decl":{"start":{"line":182,"column":27},"end":{"line":182,"column":30}},"loc":{"start":{"line":182,"column":33},"end":{"line":182,"column":55}}}},"branchMap":{"0":{"loc":{"start":{"line":51,"column":4},"end":{"line":56,"column":5}},"type":"if","locations":[{"start":{"line":51,"column":4},"end":{"line":56,"column":5}},{"start":{"line":54,"column":11},"end":{"line":56,"column":5}}]},"1":{"loc":{"start":{"line":127,"column":7},"end":{"line":189,"column":null}},"type":"cond-expr","locations":[{"start":{"line":128,"column":8},"end":{"line":134,"column":null}},{"start":{"line":136,"column":10},"end":{"line":189,"column":null}}]},"2":{"loc":{"start":{"line":136,"column":10},"end":{"line":189,"column":null}},"type":"cond-expr","locations":[{"start":{"line":137,"column":8},"end":{"line":145,"column":null}},{"start":{"line":148,"column":8},"end":{"line":188,"column":null}}]},"3":{"loc":{"start":{"line":153,"column":12},"end":{"line":163,"column":13}},"type":"if","locations":[{"start":{"line":153,"column":12},"end":{"line":163,"column":13}}]},"4":{"loc":{"start":{"line":173,"column":15},"end":{"line":185,"column":null}},"type":"binary-expr","locations":[{"start":{"line":173,"column":15},"end":{"line":173,"column":35}},{"start":{"line":174,"column":16},"end":{"line":184,"column":null}}]}},"s":{"0":1,"1":1,"2":1,"3":1,"4":1,"5":1,"6":1,"7":1,"8":5,"9":5,"10":5,"11":5,"12":5,"13":1,"14":5,"15":1,"16":1,"17":1,"18":1,"19":5,"20":1,"21":1,"22":1,"23":1,"24":1,"25":1,"26":1,"27":0,"28":5,"29":3,"30":3,"31":5,"32":3,"33":3,"34":5,"35":5,"36":0,"37":0,"38":5,"39":12,"40":3,"41":3,"42":9,"43":3,"44":1},"f":{"0":5,"1":1,"2":1,"3":1,"4":1,"5":1,"6":3,"7":3,"8":3,"9":3,"10":0,"11":0,"12":12,"13":3,"14":1},"b":{"0":[1,0],"1":[1,4],"2":[1,3],"3":[3],"4":[3,3]}}
,"C:\\Users\\yuri\\Documents\\GitHub\\API-2025.1-Frontend\\tecsus\\src\\store\\globals\\index.ts": {"path":"C:\\Users\\yuri\\Documents\\GitHub\\API-2025.1-Frontend\\tecsus\\src\\store\\globals\\index.ts","statementMap":{"0":{"start":{"line":1,"column":0},"end":{"line":1,"column":26}},"1":{"start":{"line":3,"column":19},"end":{"line":3,"column":44}},"2":{"start":{"line":4,"column":18},"end":{"line":4,"column":41}},"3":{"start":{"line":7,"column":32},"end":{"line":16,"column":2}},"4":{"start":{"line":7,"column":72},"end":{"line":16,"column":2}},"5":{"start":{"line":8,"column":2},"end":{"line":15,"column":3}},"6":{"start":{"line":9,"column":4},"end":{"line":9,"column":66}},"7":{"start":{"line":10,"column":4},"end":{"line":10,"column":51}},"8":{"start":{"line":11,"column":4},"end":{"line":11,"column":16}},"9":{"start":{"line":13,"column":4},"end":{"line":13,"column":69}},"10":{"start":{"line":14,"column":4},"end":{"line":14,"column":17}},"11":{"start":{"line":18,"column":12},"end":{"line":20,"column":2}},"12":{"start":{"line":23,"column":0},"end":{"line":35,"column":5}},"13":{"start":{"line":23,"column":12},"end":{"line":35,"column":2}},"14":{"start":{"line":24,"column":2},"end":{"line":34,"column":3}},"15":{"start":{"line":25,"column":30},"end":{"line":25,"column":71}},"16":{"start":{"line":26,"column":4},"end":{"line":31,"column":5}},"17":{"start":{"line":27,"column":6},"end":{"line":27,"column":40}},"18":{"start":{"line":28,"column":6},"end":{"line":28,"column":57}},"19":{"start":{"line":30,"column":6},"end":{"line":30,"column":55}},"20":{"start":{"line":33,"column":4},"end":{"line":33,"column":75}},"21":{"start":{"line":37,"column":0},"end":{"line":46,"column":2}},"22":{"start":{"line":39,"column":18},"end":{"line":39,"column":47}},"23":{"start":{"line":40,"column":4},"end":{"line":42,"column":5}},"24":{"start":{"line":41,"column":6},"end":{"line":41,"column":43}},"25":{"start":{"line":43,"column":4},"end":{"line":43,"column":18}},"26":{"start":{"line":45,"column":13},"end":{"line":45,"column":34}},"27":{"start":{"line":48,"column":0},"end"
[...]
,"C:\\Users\\yuri\\Documents\\GitHub\\API-2025.1-Frontend\\tecsus\\src\\store\\typealerts\\getters.ts": {"path":"C:\\Users\\yuri\\Documents\\GitHub\\API-2025.1-Frontend\\tecsus\\src\\store\\typealerts\\getters.ts","statementMap":{"0":{"start":{"line":1,"column":0},"end":{"line":1,"column":28}},"1":{"start":{"line":4,"column":0},"end":{"line":201,"column":2}},"2":{"start":{"line":7,"column":79},"end":{"line":22,"column":null}},"3":{"start":{"line":8,"column":4},"end":{"line":21,"column":5}},"4":{"start":{"line":9,"column":20},"end":{"line":9,"column":49}},"5":{"start":{"line":10,"column":23},"end":{"line":12,"column":8}},"6":{"start":{"line":14,"column":6},"end":{"line":14,"column":57}},"7":{"start":{"line":16,"column":6},"end":{"line":16,"column":61}},"8":{"start":{"line":17,"column":6},"end":{"line":20,"column":8}},"9":{"start":{"line":27,"column":53},"end":{"line":50,"column":null}},"10":{"start":{"line":28,"column":4},"end":{"line":49,"column":5}},"11":{"start":{"line":29,"column":20},"end":{"line":29,"column":49}},"12":{"start":{"line":30,"column":23},"end":{"line":33,"column":8}},"13":{"start":{"line":32,"column":36},"end":{"line":32,"column":48}},"14":{"start":{"line":35,"column":6},"end":{"line":37,"column":7}},"15":{"start":{"line":36,"column":8},"end":{"line":36,"column":33}},"16":{"start":{"line":39,"column":6},"end":{"line":42,"column":8}},"17":{"start":{"line":44,"column":6},"end":{"line":44,"column":64}},"18":{"start":{"line":45,"column":6},"end":{"line":48,"column":8}},"19":{"start":{"line":58,"column":7},"end":{"line":88,"column":null}},"20":{"start":{"line":59,"column":4},"end":{"line":87,"column":5}},"21":{"start":{"line":60,"column":20},"end":{"line":60,"column":49}},"22":{"start":{"line":61,"column":23},"end":{"line":64,"column":8}},"23":{"start":{"line":66,"column":25},"end":{"line":78,"column":12}},"24":{"start":{"line":67,"column":49},"end":{"line":77,"column":12}},"25":{"start":{"line":80,"column":6},"end":{"line":80,"column":49}},"26":{"start":{"line":82,"column":6},"end":{"line":82,"column":71}},"27":{"start":{"line":83,"column":6},"end":{"line":86,"column":8}},"28":{"start":{"line":96,"column":54},"end":{"line":129,"column":null}},"29":{"start":{"line":97,"column":4},"end":{"line":128,"column":5}},"30":{"start":{"line":98,"column":20},"end":{"line":98,"column":49}},"31":{"start":{"line":100,"column":6},"end":{"line":102,"column":7}},"32":{"start":{"line":101,"column":8},"end":{"line":101,"column":51}},"33":{"start":{"line":104,"column":23},"end":{"line":109,"column":8}},"34":{"start":{"line":108,"column":36},"end":{"line":108,"column":48}},"35":{"start":{"line":111,"column":6},"end":{"line":113,"column":7}},"36":{"start":{"line":112,"column":8},"end":{"line":112,"column":33}},"37":{"start":{"line":115,"column":6},"end":{"line":118,"column":8}},"38":{"start":{"line":120,"column":6},"end":{"line":120,"column":62}},"39":{"start":{"line":121,"column":6},"end":{"line":127,"column":8}},"40":{"start":{"line":137,"column":7},"end":{"line":174,"column":null}},"41":{"start":{"line":138,"column":4},"end":{"line":173,"column":5}},"42":{"start":{"line":139,"column":20},"end":{"line":139,"column":49}},"43":{"start":{"line":141,"column":6},"end":{"line":143,"column":7}},"44":{"start":{"line":142,"column":8},"end":{"line":142,"column":51}},"45":{"start":{"line":145,"column":23},"end":{"line":154,"column":null}},"46":{"start":{"line":157,"column":6},"end":{"line":159,"column":7}},"47":{"start":{"line":158,"column":8},"end":{"line":158,"column":59}},"48":{"start":{"line":161,"column":6},"end":{"line":161,"column":55}},"49":{"start":{"line":163,"column":6},"end":{"line":166,"column":8}},"50":{"start":{"line":167,"column":6},"end":{"line":172,"column":8}},"51":{"start":{"line":177,"column":53},"end":{"line":200,"column":null}},"52":{"start":{"line":178,"column":4},"end":{"line":199,"column":5}},"53":{"start":{"line":179,"column":20},"end":{"line":179,"column":49}},"54":{"start":{"line":180,"column":23},"end":{"line":183,"column":8}},"55":{"start":{"line":182,"column":36},"end":{"line":182,"column":48}},"56":{"start":{"line":185,"column":6},"end":{"line":187,"column":7}},"57":{"start":{"line":186,"column":8},"end":{"line":186,"column":33}},"58":{"start":{"line":189,"column":6},"end":{"line":192,"column":8}},"59":{"start":{"line":194,"column":6},"end":{"line":194,"column":72}},"60":{"start":{"line":195,"column":6},"end":{"line":198,"column":8}}},"fnMap":{"0":{"name":"(anonymous_8)","decl":{"start":{"line":5,"column":16},"end":{"line":5,"column":null}},"loc":{"start":{"line":7,"column":79},"end":{"line":22,"column":null}}},"1":{"name":"(anonymous_9)","decl":{"start":{"line":7,"column":79},"end":{"line":7,"column":null}},"loc":{"start":{"line":7,"column":79},"end":{"line":22,"column":3}}},"2":{"name":"(anonymous_10)","decl":{"start":{"line":24,"column":19},"end":{"line":24,"column":null}},"loc":{"start":{"line":27,"column":53},"end":{"line":50,"column":null}}},"3":{"name":"(anonymous_11)","decl":{"start":{"line":27,"column":53},"end":{"line":27,"column":null}},"loc":{"start":{"line":27,"column":53},"end":{"line":50,"column":3}}},"4":{"name":"(anonymous_12)","decl":{"start":{"line":32,"column":24},"end":{"line":32,"column":25}},"loc":{"start":{"line":32,"column":36},"end":{"line":32,"column":48}}},"5":{"name":"(anonymous_13)","decl":{"start":{"line":52,"column":18},"end":{"line":52,"column":25}},"loc":{"start":{"line":58,"column":7},"end":{"line":88,"column":null}}},"6":{"name":"(anonymous_14)","decl":{"start":{"line":58,"column":7},"end":{"line":58,"column":null}},"loc":{"start":{"line":58,"column":7},"end":{"line":88,"column":3}}},"7":{"name":"(anonymous_15)","decl":{"start":{"line":67,"column":33},"end":{"line":67,"column":34}},"loc":{"start":{"line":67,"column":49},"end":{"line":77,"column":12}}},"8":{"name":"(anonymous_16)","decl":{"start":{"line":90,"column":19},"end":{"line":90,"column":26}},"loc":{"start":{"line":96,"column":54},"end":{"line":129,"column":null}}},"9":{"name":"(anonymous_17)","decl":{"start":{"line":96,"column":54},"end":{"line":96,"column":null}},"loc":{"start":{"line":96,"column":54},"end":{"line":129,"column":3}}},"10":{"name":"(anonymous_18)","decl":{"start":{"line":108,"column":24},"end":{"line":108,"column":25}},"loc":{"start":{"line":108,"column":36},"end":{"line":108,"column":48}}},"11":{"name":"(anonymous_19)","decl":{"start":{"line":131,"column":26},"end":{"line":131,"column":null}},"loc":{"start":{"line":137,"column":7},"end":{"line":174,"column":null}}},"12":{"name":"(anonymous_20)","decl":{"start":{"line":137,"column":7},"end":{"line":137,"column":null}},"loc":{"start":{"line":137,"column":7},"end":{"line":174,"column":3}}},"13":{"name":"(anonymous_21)","decl":{"start":{"line":175,"column":23},"end":{"line":175,"column":null}},"loc":{"start":{"line":177,"column":53},"end":{"line":200,"column":null}}},"14":{"name":"(anonymous_22)","decl":{"start":{"line":177,"column":53},"end":{"line":177,"column":null}},"loc":{"start":{"line":177,"column":53},"end":{"line":200,"column":3}}},"15":{"name":"(anonymous_23)","decl":{"start":{"line":182,"column":24},"end":{"line":182,"column":25}},"loc":{"start":{"line":182,"column":36},"end":{"line":182,"column":48}}}},"branchMap":{"0":{"loc":{"start":{"line":19,"column":15},"end":{"line":19,"column":95}},"type":"binary-expr","locations":[{"start":{"line":19,"column":15},"end":{"line":19,"column":43}},{"start":{"line":19,"column":47},"end":{"line":19,"column":60}},{"start":{"line":19,"column":64},"end":{"line":19,"column":95}}]},"1":{"loc":{"start":{"line":19,"column":15},"end":{"line":19,"column":43}},"type":"cond-expr","locations":[{"start":{"line":19,"column":35},"end":{"line":19,"column":37}},{"start":{"line":19,"column":35},"end":{"line":19,"column":43}}]},"2":{"loc":{"start":{"line":19,"column":15},"end":{"line":19,"column":37}},"type":"binary-expr","locations":[{"start":{"line":19,"column":15},"end":{"line":19,"column":37}},{"start":{"line":19,"column":35},"end":{"line":19,"column":37}}]},"3":{"loc":{"start":{"line":19,"column":15},"end":{"line":19,"column":35}},"type":"cond-expr","locations":[{"start":{"line":19,"column":29},"end":{"line":19,"column":31}},{"start":{"line":19,"column":29},"end":{"line":19,"column":35}}]},"4":{"loc":{"start":{"line":19,"column":15},"end":{"line":19,"column":31}},"type":"binary-expr","locations":[{"start":{"line":19,"column":15},"end":{"line":19,"column":31}},{"start":{"line":19,"column":29},"end":{"line":19,"column":31}}]},"5":{"loc":{"start":{"line":35,"column":6},"end":{"line":37,"column":7}},"type":"if","locations":[{"start":{"line":35,"column":6},"end":{"line":37,"column":7}}]},"6":{"loc":{"start":{"line":41,"column":15},"end":{"line":41,"column":74}},"type":"binary-expr","locations":[{"start":{"line":41,"column":15},"end":{"line":41,"column":36}},{"start":{"line":41,"column":40},"end":{"line":41,"column":74}}]},"7":{"loc":{"start":{"line":41,"column":15},"end":{"line":41,"column":36}},"type":"cond-expr","locations":[{"start":{"line":41,"column":28},"end":{"line":41,"column":30}},{"start":{"line":41,"column":28},"end":{"line":41,"column":36}}]},"8":{"loc":{"start":{"line":41,"column":15},"end":{"line":41,"column":30}},"type":"binary-expr","locations":[{"start":{"line":41,"column":15},"end":{"line":41,"column":30}},{"start":{"line":41,"column":28},"end":{"line":41,"column":30}}]},"9":{"loc":{"start":{"line":47,"column":15},"end":{"line":47,"column":98}},"type":"binary-expr","locations":[{"start":{"line":47,"column":15},"end":{"line":47,"column":43}},{"start":{"line":47,"column":47},"end":{"line":47,"column":60}},{"start":{"line":47,"column":64},"end":{"line":47,"column":98}}]},"10":{"loc":{"start":{"line":47,"column":15},"end":{"line":47,"column":43}},"type":"cond-expr","locations":[{"start":{"line":47,"column":35},"end":{"line":47,"column":37}},{"start":{"line":47,"column":35},"end":{"line":47,"column":43}}]},"11":{"loc":{"start":{"line":47,"column":15},"end":{"line":47,"column":37}},"type":"binary-expr","locations":[{"start":{"line":47,"column":15},"end":{"line":47,"column":37}},{"start":{"line":47,"column":35},"end":{"line":47,"column":37}}]},"12":{"loc":{"start":{"line":47,"column":15},"end":{"line":47,"column":35}},"type":"cond-expr","locations":[{"start":{"line":47,"column":29},"end":{"line":47,"column":31}},{"start":{"line":47,"column":29},"end":{"line":47,"column":35}}]},"13":{"loc":{"start":{"line":47,"column":15},"end":{"line":47,"column":31}},"type":"binary-expr","locations":[{"start":{"line":47,"column":15},"end":{"line":47,"column":31}},{"start":{"line":47,"column":29},"end":{"line":47,"column":31}}]},"14":{"loc":{"start":{"line":66,"column":25},"end":{"line":78,"column":12}},"type":"cond-expr","locations":[{"start":{"line":67,"column":10},"end":{"line":77,"column":13}},{"start":{"line":78,"column":10},"end":{"line":78,"column":12}}]},"15":{"loc":{"start":{"line":82,"column":47},"end":{"line":82,"column":69}},"type":"binary-expr","locations":[{"start":{"line":82,"column":47},"end":{"line":82,"column":60}},{"start":{"line":82,"column":64},"end":{"line":82,"column":69}}]},"16":{"loc":{"start":{"line":85,"column":15},"end":{"line":85,"column":71}},"type":"binary-expr","locations":[{"start":{"line":85,"column":15},"end":{"line":85,"column":43}},{"start":{"line":85,"column":47},"end":{"line":85,"column":71}}]},"17":{"loc":{"start":{"line":85,"column":15},"end":{"line":85,"column":43}},"type":"cond-expr","locations":[{"start":{"line":85,"column":35},"end":{"line":85,"column":37}},{"start":{"line":85,"column":35},"end":{"line":85,"column":43}}]},"18":{"loc":{"start":{"line":85,"column":15},"end":{"line":85,"column":37}},"type":"binary-expr","locations":[{"start":{"line":85,"column":15},"end":{"line":85,"column":37}},{"start":{"line":85,"column":35},"end":{"line":85,"column":37}}]},"19":{"loc":{"start":{"line":85,"column":15},"end":{"line":85,"column":35}},"type":"cond-expr","locations":[{"start":{"line":85,"column":29},"end":{"line":85,"column":31}},{"start":{"line":85,"column":29},"end":{"line":85,"column":35}}]},"20":{"loc":{"start":{"line":85,"column":15},"end":{"line":85,"column":31}},"type":"binary-expr","locations":[{"start":{"line":85,"column":15},"end":{"line":85,"column":31}},{"start":{"line":85,"column":29},"end":{"line":85,"column":31}}]},"21":{"loc":{"start":{"line":100,"column":6},"end":{"line":102,"column":7}},"type":"if","locations":[{"start":{"line":100,"column":6},"end":{"line":102,"column":7}}]},"22":{"loc":{"start":{"line":111,"column":6},"end":{"line":113,"column":7}},"type":"if","locations":[{"start":{"line":111,"column":6},"end":{"line":113,"column":7}}]},"23":{"loc":{"start":{"line":117,"column":15},"end":{"line":117,"column":72}},"type":"binary-expr","locations":[{"start":{"line":117,"column":15},"end":{"line":117,"column":36}},{"start":{"line":117,"column":40},"end":{"line":117,"column":72}}]},"24":{"loc":{"start":{"line":117,"column":15},"end":{"line":117,"column":36}},"type":"cond-expr","locations":[{"start":{"line":117,"column":28},"end":{"line":117,"column":30}},{"start":{"line":117,"column":28},"end":{"line":117,"column":36}}]},"25":{"loc":{"start":{"line":117,"column":15},"end":{"line":117,"column":30}},"type":"binary-expr","locations":[{"start":{"line":117,"column":15},"end":{"line":117,"column":30}},{"start":{"line":117,"column":28},"end":{"line":117,"column":30}}]},"26":{"loc":{"start":{"line":124,"column":10},"end":{"line":126,"column":42}},"type":"binary-expr","locations":[{"start":{"line":124,"column":10},"end":{"line":124,"column":38}},{"start":{"line":125,"column":10},"end":{"line":125,"column":23}},{"start":{"line":126,"column":10},"end":{"line":126,"column":42}}]},"27":{"loc":{"start":{"line":124,"column":10},"end":{"line":124,"column":38}},"type":"cond-expr","locations":[{"start":{"line":124,"column":30},"end":{"line":124,"column":32}},{"start":{"line":124,"column":30},"end":{"line":124,"column":38}}]},"28":{"loc":{"start":{"line":124,"column":10},"end":{"line":124,"column":32}},"type":"binary-expr","locations":[{"start":{"line":124,"column":10},"end":{"line":124,"column":32}},{"start":{"line":124,"column":30},"end":{"line":124,"column":32}}]},"29":{"loc":{"start":{"line":124,"column":10},"end":{"line":124,"column":30}},"type":"cond-expr","locations":[{"start":{"line":124,"column":24},"end":{"line":124,"column":26}},{"start":{"line":124,"column":24},"end":{"line":124,"column":30}}]},"30":{"loc":{"start":{"line":124,"column":10},"end":{"line":124,"column":26}},"type":"binary-expr","locations":[{"start":{"line":124,"column":10},"end":{"line":124,"column":26}},{"start":{"line":124,"column":24},"end":{"line":124,"column":26}}]},"31":{"loc":{"start":{"line":141,"column":6},"end":{"line":143,"column":7}},"type":"if","locations":[{"start":{"line":141,"column":6},"end":{"line":143,"column":7}}]},"32":{"loc":{"start":{"line":157,"column":6},"end":{"line":159,"column":7}},"type":"if","locations":[{"start":{"line":157,"column":6},"end":{"line":159,"column":7}}]},"33":{"loc":{"start":{"line":157,"column":10},"end":{"line":157,"column":60}},"type":"binary-expr","locations":[{"start":{"line":157,"column":10},"end":{"line":157,"column":23}},{"start":{"line":157,"column":27},"end":{"line":157,"column":60}}]},"34":{"loc":{"start":{"line":165,"column":8},"end":{"line":165,"column":30}},"type":"binary-expr","locations":[{"start":{"line":165,"column":8},"end":{"line":165,"column":21}},{"start":{"line":165,"column":25},"end":{"line":165,"column":30}}]},"35":{"loc":{"start":{"line":170,"column":10},"end":{"line":171,"column":48}},"type":"binary-expr","locations":[{"start":{"line":170,"column":10},"end":{"line":170,"column":38}},{"start":{"line":171,"column":10},"end":{"line":171,"column":48}}]},"36":{"loc":{"start":{"line":170,"column":10},"end":{"line":170,"column":38}},"type":"cond-expr","locations":[{"start":{"line":170,"column":30},"end":{"line":170,"column":32}},{"start":{"line":170,"column":30},"end":{"line":170,"column":38}}]},"37":{"loc":{"start":{"line":170,"column":10},"end":{"line":170,"column":32}},"type":"binary-expr","locations":[{"start":{"line":170,"column":10},"end":{"line":170,"column":32}},{"start":{"line":170,"column":30},"end":{"line":170,"column":32}}]},"38":{"loc":{"start":{"line":170,"column":10},"end":{"line":170,"column":30}},"type":"cond-expr","locations":[{"start":{"line":170,"column":24},"end":{"line":170,"column":26}},{"start":{"line":170,"column":24},"end":{"line":170,"column":30}}]},"39":{"loc":{"start":{"line":170,"column":10},"end":{"line":170,"column":26}},"type":"binary-expr","locations":[{"start":{"line":170,"column":10},"end":{"line":170,"column":26}},{"start":{"line":170,"column":24},"end":{"line":170,"column":26}}]},"40":{"loc":{"start":{"line":185,"column":6},"end":{"line":187,"column":7}},"type":"if","locations":[{"start":{"line":185,"column":6},"end":{"line":187,"column":7}}]},"41":{"loc":{"start":{"line":191,"column":15},"end":{"line":191,"column":82}},"type":"binary-expr","locations":[{"start":{"line":191,"column":15},"end":{"line":191,"column":36}},{"start":{"line":191,"column":40},"end":{"line":191,"column":82}}]},"42":{"loc":{"start":{"line":191,"column":15},"end":{"line":191,"column":36}},"type":"cond-expr","locations":[{"start":{"line":191,"column":28},"end":{"line":191,"column":30}},{"start":{"line":191,"column":28},"end":{"line":191,"column":36}}]},"43":{"loc":{"start":{"line":191,"column":15},"end":{"line":191,"column":30}},"type":"binary-expr","locations":[{"start":{"line":191,"column":15},"end":{"line":191,"column":30}},{"start":{"line":191,"column":28},"end":{"line":191,"column":30}}]},"44":{"loc":{"start":{"line":197,"column":15},"end":{"line":197,"column":106}},"type":"binary-expr","locations":[{"start":{"line":197,"column":15},"end":{"line":197,"column":43}},{"start":{"line":197,"column":47},"end":{"line":197,"column":60}},{"start":{"line":197,"column":64},"end":{"line":197,"column":106}}]},"45":{"loc":{"start":{"line":197,"column":15},"end":{"line":197,"column":43}},"type":"cond-expr","locations":[{"start":{"line":197,"column":35},"end":{"line":197,"column":37}},{"start":{"line":197,"column":35},"end":{"line":197,"column":43}}]},"46":{"loc":{"start":{"line":197,"column":15},"end":{"line":197,"column":37}},"type":"binary-expr","locations":[{"start":{"line":197,"column":15},"end":{"line":197,"column":37}},{"start":{"line":197,"column":35},"end":{"line":197,"column":37}}]},"47":{"loc":{"start":{"line":197,"column":15},"end":{"line":197,"column":35}},"type":"cond-expr","locations":[{"start":{"line":197,"column":29},"end":{"line":197,"column":31}},{"start":{"line":197,"column":29},"end":{"line":197,"column":35}}]},"48":{"loc":{"start":{"line":197,"column":15},"end":{"line":197,"column":31}},"type":"binary-expr","locations":[{"start":{"line":197,"column":15},"end":{"line":197,"column":31}},{"start":{"line":197,"column":29},"end":{"line":197,"column":31}}]}},"s":{"0":1,"1":1,"2":0,"3":0,"4":0,"5":0,"6":0,"7":0,"8":0,"9":0,"10":0,"11":0,"12":0,"13":0,"14":0,"15":0,"16":0,"17":0,"18":0,"19":0,"20":0,"21":0,"22":0,"23":0,"24":0,"25":0,"26":0,"27":0,"28":0,"29":0,"30":0,"31":0,"32":0,"33":0,"34":0,"35":0,"36":0,"37":0,"38":0,"39":0,"40":0,"41":0,"42":0,"43":0,"44":0,"45":0,"46":0,"47":0,"48":0,"49":0,"50":0,"51":0,"52":0,"53":0,"54":0,"55":0,"56":0,"57":0,"58":0,"59":0,"60":0},"f":{"0":0,"1":0,"2":0,"3":0,"4":0,"5":0,"6":0,"7":0,"8":0,"9":0,"10":0,"11":0,"12":0,"13":0,"14":0,"15":0},"b":{"0":[0,0,0],"1":[0,0],"2":[0,0],"3":[0,0],"4":[0,0],"5":[0],"6":[0,0],"7":[0,0],"8":[0,0],"9":[0,0,0],"10":[0,0],"11":[0,0],"12":[0,0],"13":[0,0],"14":[0,0],"15":[0,0],"16":[0,0],"17":[0,0],"18":[0,0],"19":[0,0],"20":[0,0],"21":[0],"22":[0],"23":[0,0],"24":[0,0],"25":[0,0],"26":[0,0,0],"27":[0,0],"28":[0,0],"29":[0,0],"30":[0,0],"31":[0],"32":[0],"33":[0,0],"34":[0,0],"35":[0,0],"36":[0,0],"37":[0,0],"38":[0,0],"39":[0,0],"40":[0],"41":[0,0],"42":[0,0],"43":[0,0],"44":[0,0,0],"45":[0,0],"46":[0,0],"47":[0,0],"48":[0,0]}}
}
