TN:
SF:src\components\table\index.tsx
FN:40,(anonymous_1)
FN:62,(anonymous_2)
FN:85,(anonymous_3)
FN:91,(anonymous_4)
FN:92,(anonymous_5)
FN:107,(anonymous_6)
FN:118,(anonymous_7)
FN:121,(anonymous_8)
FN:122,(anonymous_9)
FN:123,(anonymous_10)
FN:137,(anonymous_11)
FN:139,(anonymous_12)
FN:140,(anonymous_13)
FN:141,(anonymous_14)
FN:163,(anonymous_15)
FN:178,GenericTable
FN:185,(anonymous_17)
FN:189,(anonymous_18)
FN:193,(anonymous_19)
FN:198,(anonymous_20)
FN:203,(anonymous_21)
FN:208,(anonymous_22)
FN:212,(anonymous_23)
FN:287,(anonymous_24)
FN:300,(anonymous_25)
FN:302,(anonymous_26)
FN:346,(anonymous_27)
FNF:27
FNH:5
FNDA:0,(anonymous_1)
FNDA:0,(anonymous_2)
FNDA:0,(anonymous_3)
FNDA:0,(anonymous_4)
FNDA:0,(anonymous_5)
FNDA:0,(anonymous_6)
FNDA:0,(anonymous_7)
FNDA:0,(anonymous_8)
FNDA:0,(anonymous_9)
FNDA:0,(anonymous_10)
FNDA:0,(anonymous_11)
FNDA:0,(anonymous_12)
FNDA:0,(anonymous_13)
FNDA:0,(anonymous_14)
FNDA:0,(anonymous_15)
FNDA:3,GenericTable
FNDA:0,(anonymous_17)
FNDA:0,(anonymous_18)
FNDA:0,(anonymous_19)
FNDA:0,(anonymous_20)
FNDA:0,(anonymous_21)
FNDA:0,(anonymous_22)
FNDA:0,(anonymous_23)
FNDA:12,(anonymous_24)
FNDA:3,(anonymous_25)
FNDA:12,(anonymous_26)
FNDA:3,(anonymous_27)
DA:1,1
DA:19,1
DA:20,1
DA:21,1
DA:22,1
DA:23,1
DA:24,1
DA:25,1
DA:40,1
DA:41,0
DA:42,0
DA:44,0
DA:55,0
DA:57,0
DA:62,1
DA:63,0
DA:64,0
DA:67,0
DA:68,0
DA:69,0
DA:72,0
DA:73,0
DA:75,0
DA:76,0
DA:77,0
DA:79,0
DA:80,0
DA:84,0
DA:85,0
DA:88,0
DA:89,0
DA:91,0
DA:92,0
DA:94,0
DA:96,0
DA:100,0
DA:101,0
DA:104,0
DA:107,1
DA:108,0
DA:118,1
DA:119,0
DA:120,0
DA:121,0
DA:122,0
DA:123,0
DA:126,0
DA:133,0
DA:137,1
DA:138,0
DA:139,0
DA:140,0
DA:141,0
DA:142,0
DA:143,0
DA:149,0
DA:150,0
DA:151,0
DA:153,0
DA:154,0
DA:155,0
DA:156,0
DA:157,0
DA:158,0
DA:159,0
DA:163,1
DA:164,0
DA:165,0
DA:166,0
DA:167,0
DA:169,0
DA:170,0
DA:171,0
DA:172,0
DA:173,0
DA:174,0
DA:175,0
DA:179,3
DA:180,3
DA:182,3
DA:183,3
DA:185,3
DA:186,0
DA:189,3
DA:190,0
DA:193,3
DA:194,0
DA:195,0
DA:198,3
DA:199,0
DA:200,0
DA:203,3
DA:204,0
DA:205,0
DA:208,3
DA:209,0
DA:212,3
DA:213,0
DA:214,0
DA:215,0
DA:218,3
DA:222,3
DA:288,12
DA:301,3
DA:303,12
DA:346,3
DA:368,1
LF:107
LH:32
BRDA:63,0,0,0
BRDA:63,1,0,0
BRDA:63,1,1,0
BRDA:67,2,0,0
BRDA:68,3,0,0
BRDA:68,4,0,0
BRDA:68,4,1,0
BRDA:72,5,0,0
BRDA:72,6,0,0
BRDA:72,6,1,0
BRDA:72,6,2,0
BRDA:72,6,3,0
BRDA:75,7,0,0
BRDA:76,8,0,0
BRDA:77,9,0,0
BRDA:79,10,0,0
BRDA:84,11,0,0
BRDA:91,12,0,0
BRDA:91,12,1,0
BRDA:94,13,0,0
BRDA:94,13,1,0
BRDA:100,14,0,0
BRDA:100,15,0,0
BRDA:100,15,1,0
BRDA:118,16,0,0
BRDA:137,17,0,0
BRDA:143,18,0,0
BRDA:143,18,1,0
BRDA:143,19,0,0
BRDA:143,19,1,0
BRDA:143,19,2,0
BRDA:143,19,3,0
BRDA:163,20,0,0
BRDA:194,21,0,0
BRDA:194,21,1,0
BRDA:199,22,0,0
BRDA:199,22,1,0
BRDA:204,23,0,0
BRDA:204,23,1,0
BRDA:214,24,0,0
BRDA:214,24,1,0
BRDA:218,25,0,0
BRDA:218,25,1,3
BRDA:239,26,0,3
BRDA:239,26,1,0
BRDA:292,27,0,3
BRDA:292,27,1,3
BRDA:304,28,0,12
BRDA:304,28,1,0
BRDA:307,29,0,3
BRDA:307,29,1,3
BRDA:327,30,0,0
BRDA:327,30,1,3
BRF:53
BRH:8
end_of_record
TN:
SF:src\components\ui\AlertTypeForm.tsx
FN:33,(anonymous_1)
FN:56,(anonymous_2)
FN:58,(anonymous_3)
FN:61,(anonymous_4)
FN:63,(anonymous_5)
FN:75,(anonymous_6)
FN:93,(anonymous_7)
FN:95,(anonymous_8)
FN:108,(anonymous_9)
FN:124,(anonymous_10)
FN:142,(anonymous_11)
FN:150,(anonymous_12)
FN:169,(anonymous_13)
FN:177,(anonymous_14)
FNF:14
FNH:6
FNDA:2,(anonymous_1)
FNDA:2,(anonymous_2)
FNDA:1,(anonymous_3)
FNDA:0,(anonymous_4)
FNDA:0,(anonymous_5)
FNDA:0,(anonymous_6)
FNDA:0,(anonymous_7)
FNDA:0,(anonymous_8)
FNDA:4,(anonymous_9)
FNDA:8,(anonymous_10)
FNDA:16,(anonymous_11)
FNDA:0,(anonymous_12)
FNDA:0,(anonymous_13)
FNDA:0,(anonymous_14)
DA:1,2
DA:2,2
DA:3,2
DA:33,2
DA:44,2
DA:54,2
DA:56,2
DA:57,2
DA:58,1
DA:60,1
DA:61,0
DA:62,0
DA:63,0
DA:67,0
DA:71,1
DA:75,2
DA:76,0
DA:78,0
DA:79,0
DA:81,0
DA:82,0
DA:85,0
DA:90,0
DA:91,0
DA:93,0
DA:94,0
DA:95,0
DA:99,0
DA:101,0
DA:105,0
DA:108,4
DA:124,2
DA:129,8
DA:143,16
DA:150,2
DA:151,0
DA:152,0
DA:154,0
DA:155,0
DA:156,0
DA:159,0
DA:162,2
DA:169,0
DA:177,0
LF:44
LH:18
BRDA:34,0,0,2
BRDA:36,1,0,2
BRDA:37,2,0,2
BRDA:41,3,0,2
BRDA:57,4,0,1
BRDA:57,5,0,2
BRDA:57,5,1,2
BRDA:60,6,0,0
BRDA:62,7,0,0
BRDA:76,8,0,0
BRDA:81,9,0,0
BRDA:82,10,0,0
BRDA:82,10,1,0
BRDA:90,11,0,0
BRDA:94,12,0,0
BRDA:94,12,1,0
BRDA:115,13,0,4
BRDA:115,13,1,0
BRDA:115,14,0,4
BRDA:115,14,1,4
BRDA:128,15,0,6
BRDA:135,16,0,6
BRDA:135,16,1,2
BRDA:135,17,0,8
BRDA:135,17,1,8
BRDA:139,18,0,8
BRDA:139,18,1,8
BRDA:154,19,0,0
BRDA:154,20,0,0
BRDA:154,20,1,0
BRDA:154,20,2,0
BRDA:154,20,3,0
BRDA:154,20,4,0
BRDA:199,21,0,0
BRDA:199,21,1,2
BRDA:202,22,0,2
BRDA:202,22,1,2
BRF:37
BRH:20
end_of_record
TN:
SF:src\components\ui\AppIcon.tsx
FN:9,(anonymous_10)
FNF:1
FNH:1
FNDA:6,(anonymous_10)
DA:2,2
DA:9,6
DA:11,6
DA:13,6
DA:14,1
DA:15,1
DA:18,5
DA:21,2
LF:8
LH:8
BRDA:13,0,0,1
BRF:1
BRH:1
end_of_record
TN:
SF:src\components\ui\FilterBox.tsx
FN:47,(anonymous_0)
FN:55,(anonymous_1)
FN:118,(anonymous_2)
FN:128,(anonymous_3)
FN:151,(anonymous_4)
FN:190,(anonymous_5)
FN:192,(anonymous_6)
FN:193,(anonymous_7)
FN:236,(anonymous_8)
FN:272,(anonymous_9)
FN:276,(anonymous_10)
FN:280,(anonymous_11)
FN:285,(anonymous_12)
FN:322,(anonymous_13)
FN:323,(anonymous_14)
FNF:15
FNH:3
FNDA:5,(anonymous_0)
FNDA:10,(anonymous_1)
FNDA:0,(anonymous_2)
FNDA:6,(anonymous_3)
FNDA:0,(anonymous_4)
FNDA:0,(anonymous_5)
FNDA:0,(anonymous_6)
FNDA:0,(anonymous_7)
FNDA:0,(anonymous_8)
FNDA:0,(anonymous_9)
FNDA:0,(anonymous_10)
FNDA:0,(anonymous_11)
FNDA:0,(anonymous_12)
FNDA:0,(anonymous_13)
FNDA:0,(anonymous_14)
DA:1,1
DA:2,1
DA:17,1
DA:18,1
DA:19,1
DA:20,1
DA:21,1
DA:47,1
DA:53,5
DA:55,5
DA:56,10
DA:60,10
DA:63,10
DA:118,0
DA:129,6
DA:138,0
DA:151,0
DA:174,0
DA:190,0
DA:192,0
DA:193,0
DA:236,0
DA:261,0
DA:273,0
DA:277,0
DA:281,0
DA:282,0
DA:286,0
DA:323,0
DA:324,0
DA:326,0
DA:332,0
DA:336,5
DA:416,1
LF:34
LH:16
BRDA:48,0,0,5
BRDA:56,1,0,10
BRDA:56,1,1,0
BRDA:60,2,0,0
BRDA:60,2,1,10
BRDA:60,2,2,0
BRDA:60,2,3,0
BRDA:60,2,4,0
BRDA:60,2,5,0
BRDA:128,3,0,0
BRDA:128,3,1,10
BRDA:128,4,0,10
BRDA:128,4,1,10
BRDA:189,5,0,0
BRDA:189,5,1,0
BRDA:271,6,0,0
BRDA:271,6,1,0
BRDA:273,7,0,0
BRDA:273,7,1,0
BRDA:277,8,0,0
BRDA:277,8,1,0
BRDA:279,9,0,0
BRDA:279,9,1,0
BRDA:279,10,0,0
BRDA:279,10,1,0
BRDA:279,11,0,0
BRDA:279,11,1,0
BRDA:279,12,0,0
BRDA:279,12,1,0
BRDA:281,13,0,0
BRDA:338,14,0,5
BRDA:338,14,1,5
BRF:32
BRH:8
end_of_record
TN:
SF:src\components\ui\Searchbar.tsx
FN:12,(anonymous_1)
FN:18,(anonymous_2)
FNF:2
FNH:2
FNDA:2,(anonymous_1)
FNDA:5,(anonymous_2)
DA:2,1
DA:3,1
DA:12,1
DA:18,2
DA:19,5
DA:20,0
DA:21,0
DA:25,2
DA:44,1
LF:9
LH:7
BRDA:13,0,0,2
BRDA:14,1,0,0
BRDA:19,2,0,0
BRDA:19,3,0,5
BRDA:19,3,1,0
BRF:5
BRH:2
end_of_record
TN:
SF:src\components\ui\StatusIcon.tsx
FN:9,(anonymous_0)
FN:11,(anonymous_1)
FNF:2
FNH:2
FNDA:4,(anonymous_0)
FNDA:4,(anonymous_1)
DA:2,1
DA:9,1
DA:11,4
DA:12,4
DA:14,1
DA:16,1
DA:18,1
DA:20,1
DA:24,4
DA:37,1
LF:10
LH:10
BRDA:9,0,0,0
BRDA:12,1,0,1
BRDA:12,1,1,1
BRDA:12,1,2,1
BRDA:12,1,3,1
BRF:5
BRH:4
end_of_record
TN:
SF:src\components\ui\TableExemple.tsx
FN:19,(anonymous_1)
FN:23,(anonymous_2)
FNF:2
FNH:2
FNDA:4,(anonymous_1)
FNDA:1,(anonymous_2)
DA:2,1
DA:3,1
DA:5,1
DA:12,1
DA:19,4
DA:23,1
DA:24,1
DA:40,1
LF:8
LH:8
BRF:0
BRH:0
end_of_record
TN:
SF:src\layout\layoutLogged.tsx
FN:5,(anonymous_1)
FNF:1
FNH:1
FNDA:1,(anonymous_1)
DA:2,1
DA:3,1
DA:5,1
DA:6,1
LF:4
LH:4
BRF:0
BRH:0
end_of_record
TN:
SF:src\layout\navigation\sidebar.tsx
FN:69,(anonymous_1)
FN:78,(anonymous_2)
FN:83,(anonymous_3)
FN:99,(anonymous_4)
FN:112,(anonymous_5)
FN:192,(anonymous_6)
FNF:6
FNH:3
FNDA:1,(anonymous_1)
FNDA:0,(anonymous_2)
FNDA:0,(anonymous_3)
FNDA:5,(anonymous_4)
FNDA:10,(anonymous_5)
FNDA:0,(anonymous_6)
DA:1,1
DA:2,1
DA:15,1
DA:16,1
DA:17,1
DA:18,1
DA:19,1
DA:20,1
DA:21,1
DA:22,1
DA:23,1
DA:24,1
DA:25,1
DA:27,1
DA:29,1
DA:69,1
DA:70,1
DA:71,1
DA:72,1
DA:74,1
DA:75,1
DA:76,1
DA:78,1
DA:79,0
DA:80,0
DA:83,1
DA:84,0
DA:87,1
DA:90,1
DA:101,5
DA:105,5
DA:112,10
DA:192,1
DA:194,1
DA:252,1
LF:35
LH:32
BRDA:101,0,0,5
BRDA:101,0,1,4
BRDA:101,0,2,5
BRDA:101,0,3,4
BRDA:101,0,4,5
BRDA:107,1,0,5
BRDA:107,1,1,0
BRDA:107,2,0,5
BRDA:107,2,1,2
BRDA:110,3,0,5
BRDA:110,3,1,2
BRDA:110,3,2,0
BRDA:110,4,0,0
BRDA:110,4,1,2
BRDA:110,5,0,2
BRDA:110,5,1,2
BRDA:113,6,0,0
BRDA:113,6,1,5
BRDA:114,7,0,0
BRDA:114,7,1,5
BRDA:123,8,0,0
BRDA:123,8,1,5
BRDA:157,9,0,0
BRDA:157,9,1,1
BRDA:171,10,0,0
BRDA:171,10,1,1
BRDA:192,11,0,0
BRDA:192,11,1,1
BRF:28
BRH:19
end_of_record
TN:
SF:src\pages\AlertType.tsx
FN:30,(anonymous_8)
FN:45,(anonymous_9)
FN:46,(anonymous_10)
FN:46,(anonymous_11)
FN:56,(anonymous_12)
FN:57,(anonymous_13)
FN:63,(anonymous_14)
FN:93,(anonymous_15)
FN:93,(anonymous_16)
FN:103,(anonymous_17)
FN:103,(anonymous_18)
FN:129,(anonymous_19)
FN:153,(anonymous_20)
FN:161,(anonymous_21)
FN:173,(anonymous_22)
FN:194,(anonymous_23)
FNF:16
FNH:2
FNDA:1,(anonymous_8)
FNDA:1,(anonymous_9)
FNDA:0,(anonymous_10)
FNDA:0,(anonymous_11)
FNDA:0,(anonymous_12)
FNDA:0,(anonymous_13)
FNDA:0,(anonymous_14)
FNDA:0,(anonymous_15)
FNDA:0,(anonymous_16)
FNDA:0,(anonymous_17)
FNDA:0,(anonymous_18)
FNDA:0,(anonymous_19)
FNDA:0,(anonymous_20)
FNDA:0,(anonymous_21)
FNDA:0,(anonymous_22)
FNDA:0,(anonymous_23)
DA:1,1
DA:2,1
DA:3,1
DA:10,1
DA:17,1
DA:18,1
DA:19,1
DA:20,1
DA:30,1
DA:31,1
DA:32,1
DA:34,1
DA:35,1
DA:36,1
DA:39,1
DA:41,1
DA:42,1
DA:43,1
DA:45,1
DA:46,1
DA:47,0
DA:48,0
DA:50,0
DA:51,0
DA:53,0
DA:54,0
DA:56,0
DA:57,0
DA:60,0
DA:62,0
DA:63,0
DA:69,0
DA:70,0
DA:72,0
DA:77,0
DA:80,0
DA:81,0
DA:83,0
DA:87,1
DA:88,0
DA:89,0
DA:93,1
DA:94,0
DA:96,0
DA:98,0
DA:99,0
DA:103,1
DA:104,0
DA:106,0
DA:108,0
DA:109,0
DA:113,1
DA:114,1
DA:123,0
DA:124,0
DA:129,0
DA:136,0
DA:153,0
DA:161,0
DA:173,0
DA:195,0
DA:212,1
LF:62
LH:26
BRDA:53,0,0,0
BRDA:53,0,1,0
BRDA:53,1,0,0
BRDA:53,1,1,0
BRDA:53,1,2,0
BRDA:53,1,3,0
BRDA:57,2,0,0
BRDA:57,2,1,0
BRDA:57,3,0,0
BRDA:57,3,1,0
BRDA:60,4,0,0
BRDA:60,4,1,0
BRDA:60,5,0,0
BRDA:60,5,1,0
BRDA:62,6,0,0
BRDA:62,6,1,0
BRDA:87,7,0,0
BRDA:87,8,0,1
BRDA:87,8,1,0
BRDA:94,9,0,0
BRDA:98,10,0,0
BRDA:104,11,0,0
BRDA:108,12,0,0
BRDA:113,13,0,1
BRDA:123,14,0,0
BRDA:123,15,0,0
BRDA:123,15,1,0
BRDA:128,16,0,0
BRDA:128,16,1,0
BRDA:148,17,0,0
BRDA:148,17,1,0
BRDA:179,18,0,0
BRDA:179,18,1,0
BRDA:195,19,0,0
BRDA:195,19,1,0
BRDA:195,20,0,0
BRDA:195,20,1,0
BRF:37
BRH:2
end_of_record
TN:
SF:src\pages\AlertsList.tsx
FN:26,AlertsListPage
FN:37,(anonymous_9)
FN:41,(anonymous_10)
FN:48,(anonymous_11)
FN:48,(anonymous_12)
FN:52,(anonymous_13)
FN:59,(anonymous_14)
FN:59,(anonymous_15)
FN:64,(anonymous_16)
FN:64,(anonymous_17)
FN:82,(anonymous_18)
FN:91,(anonymous_19)
FN:152,(anonymous_20)
FN:166,(anonymous_21)
FN:182,(anonymous_22)
FNF:15
FNH:13
FNDA:5,AlertsListPage
FNDA:1,(anonymous_9)
FNDA:1,(anonymous_10)
FNDA:1,(anonymous_11)
FNDA:1,(anonymous_12)
FNDA:1,(anonymous_13)
FNDA:3,(anonymous_14)
FNDA:3,(anonymous_15)
FNDA:3,(anonymous_16)
FNDA:3,(anonymous_17)
FNDA:0,(anonymous_18)
FNDA:0,(anonymous_19)
FNDA:12,(anonymous_20)
FNDA:3,(anonymous_21)
FNDA:1,(anonymous_22)
DA:1,1
DA:2,1
DA:9,1
DA:10,1
DA:12,1
DA:13,1
DA:14,1
DA:26,1
DA:31,5
DA:32,5
DA:33,5
DA:35,5
DA:37,5
DA:38,1
DA:41,5
DA:42,1
DA:43,1
DA:44,1
DA:45,1
DA:48,5
DA:49,1
DA:50,1
DA:51,1
DA:52,1
DA:53,1
DA:55,0
DA:59,5
DA:64,5
DA:69,5
DA:76,5
DA:82,0
DA:91,0
DA:97,5
DA:153,12
DA:154,3
DA:155,3
DA:164,9
DA:167,3
DA:182,1
LF:39
LH:36
BRDA:51,0,0,1
BRDA:51,0,1,0
BRDA:127,1,0,1
BRDA:127,1,1,4
BRDA:136,2,0,1
BRDA:136,2,1,3
BRDA:153,3,0,3
BRDA:173,4,0,3
BRDA:173,4,1,3
BRF:9
BRH:8
end_of_record
TN:
SF:src\store\globals\index.ts
FN:7,(anonymous_8)
FN:7,(anonymous_9)
FN:23,(anonymous_10)
FN:23,(anonymous_11)
FN:38,(anonymous_12)
FN:45,(anonymous_13)
FNF:6
FNH:4
FNDA:1,(anonymous_8)
FNDA:1,(anonymous_9)
FNDA:1,(anonymous_10)
FNDA:1,(anonymous_11)
FNDA:0,(anonymous_12)
FNDA:0,(anonymous_13)
DA:1,1
DA:3,1
DA:4,1
DA:7,1
DA:8,1
DA:9,1
DA:10,0
DA:11,0
DA:13,0
DA:14,0
DA:18,1
DA:23,1
DA:24,1
DA:25,1
DA:26,0
DA:27,0
DA:28,0
DA:30,0
DA:33,0
DA:37,1
DA:39,0
DA:40,0
DA:41,0
DA:43,0
DA:45,0
DA:48,1
LF:26
LH:12
BRDA:26,0,0,0
BRDA:26,0,1,0
BRDA:40,1,0,0
BRF:3
BRH:0
end_of_record
TN:
SF:src\store\station\getters.ts
FN:5,(anonymous_8)
FN:24,(anonymous_10)
FN:40,(anonymous_12)
FN:51,(anonymous_14)
FN:70,(anonymous_16)
FNF:5
FNH:0
FNDA:0,(anonymous_8)
FNDA:0,(anonymous_10)
FNDA:0,(anonymous_12)
FNDA:0,(anonymous_14)
FNDA:0,(anonymous_16)
DA:1,1
DA:4,1
DA:7,0
DA:8,0
DA:9,0
DA:14,0
DA:16,0
DA:17,0
DA:26,0
DA:27,0
DA:30,0
DA:32,0
DA:33,0
DA:42,0
DA:43,0
DA:44,0
DA:46,0
DA:47,0
DA:53,0
DA:54,0
DA:55,0
DA:60,0
DA:62,0
DA:63,0
DA:72,0
DA:73,0
DA:74,0
DA:75,0
DA:77,0
DA:78,0
LF:30
LH:2
BRDA:16,0,0,0
BRDA:16,0,1,0
BRDA:19,1,0,0
BRDA:19,1,1,0
BRDA:32,2,0,0
BRDA:32,2,1,0
BRDA:35,3,0,0
BRDA:35,3,1,0
BRDA:46,4,0,0
BRDA:46,4,1,0
BRDA:47,5,0,0
BRDA:47,5,1,0
BRDA:62,6,0,0
BRDA:62,6,1,0
BRDA:65,7,0,0
BRDA:65,7,1,0
BRDA:77,8,0,0
BRDA:77,8,1,0
BRDA:80,9,0,0
BRDA:80,9,1,0
BRF:20
BRH:0
end_of_record
TN:
SF:src\store\typealerts\getters.ts
FN:5,(anonymous_8)
FN:7,(anonymous_9)
FN:24,(anonymous_10)
FN:27,(anonymous_11)
FN:32,(anonymous_12)
FN:52,(anonymous_13)
FN:58,(anonymous_14)
FN:67,(anonymous_15)
FN:90,(anonymous_16)
FN:96,(anonymous_17)
FN:108,(anonymous_18)
FN:131,(anonymous_19)
FN:137,(anonymous_20)
FN:175,(anonymous_21)
FN:177,(anonymous_22)
FN:182,(anonymous_23)
FNF:16
FNH:0
FNDA:0,(anonymous_8)
FNDA:0,(anonymous_9)
FNDA:0,(anonymous_10)
FNDA:0,(anonymous_11)
FNDA:0,(anonymous_12)
FNDA:0,(anonymous_13)
FNDA:0,(anonymous_14)
FNDA:0,(anonymous_15)
FNDA:0,(anonymous_16)
FNDA:0,(anonymous_17)
FNDA:0,(anonymous_18)
FNDA:0,(anonymous_19)
FNDA:0,(anonymous_20)
FNDA:0,(anonymous_21)
FNDA:0,(anonymous_22)
FNDA:0,(anonymous_23)
DA:1,1
DA:4,1
DA:7,0
DA:8,0
DA:9,0
DA:10,0
DA:14,0
DA:16,0
DA:17,0
DA:27,0
DA:28,0
DA:29,0
DA:30,0
DA:32,0
DA:35,0
DA:36,0
DA:39,0
DA:44,0
DA:45,0
DA:58,0
DA:59,0
DA:60,0
DA:61,0
DA:66,0
DA:67,0
DA:80,0
DA:82,0
DA:83,0
DA:96,0
DA:97,0
DA:98,0
DA:100,0
DA:101,0
DA:104,0
DA:108,0
DA:111,0
DA:112,0
DA:115,0
DA:120,0
DA:121,0
DA:137,0
DA:138,0
DA:139,0
DA:141,0
DA:142,0
DA:145,0
DA:157,0
DA:158,0
DA:161,0
DA:163,0
DA:167,0
DA:177,0
DA:178,0
DA:179,0
DA:180,0
DA:182,0
DA:185,0
DA:186,0
DA:189,0
DA:194,0
DA:195,0
LF:61
LH:2
BRDA:19,0,0,0
BRDA:19,0,1,0
BRDA:19,0,2,0
BRDA:19,1,0,0
BRDA:19,1,1,0
BRDA:19,2,0,0
BRDA:19,2,1,0
BRDA:19,3,0,0
BRDA:19,3,1,0
BRDA:19,4,0,0
BRDA:19,4,1,0
BRDA:35,5,0,0
BRDA:41,6,0,0
BRDA:41,6,1,0
BRDA:41,7,0,0
BRDA:41,7,1,0
BRDA:41,8,0,0
BRDA:41,8,1,0
BRDA:47,9,0,0
BRDA:47,9,1,0
BRDA:47,9,2,0
BRDA:47,10,0,0
BRDA:47,10,1,0
BRDA:47,11,0,0
BRDA:47,11,1,0
BRDA:47,12,0,0
BRDA:47,12,1,0
BRDA:47,13,0,0
BRDA:47,13,1,0
BRDA:66,14,0,0
BRDA:66,14,1,0
BRDA:82,15,0,0
BRDA:82,15,1,0
BRDA:85,16,0,0
BRDA:85,16,1,0
BRDA:85,17,0,0
BRDA:85,17,1,0
BRDA:85,18,0,0
BRDA:85,18,1,0
BRDA:85,19,0,0
BRDA:85,19,1,0
BRDA:85,20,0,0
BRDA:85,20,1,0
BRDA:100,21,0,0
BRDA:111,22,0,0
BRDA:117,23,0,0
BRDA:117,23,1,0
BRDA:117,24,0,0
BRDA:117,24,1,0
BRDA:117,25,0,0
BRDA:117,25,1,0
BRDA:124,26,0,0
BRDA:124,26,1,0
BRDA:124,26,2,0
BRDA:124,27,0,0
BRDA:124,27,1,0
BRDA:124,28,0,0
BRDA:124,28,1,0
BRDA:124,29,0,0
BRDA:124,29,1,0
BRDA:124,30,0,0
BRDA:124,30,1,0
BRDA:141,31,0,0
BRDA:157,32,0,0
BRDA:157,33,0,0
BRDA:157,33,1,0
BRDA:165,34,0,0
BRDA:165,34,1,0
BRDA:170,35,0,0
BRDA:170,35,1,0
BRDA:170,36,0,0
BRDA:170,36,1,0
BRDA:170,37,0,0
BRDA:170,37,1,0
BRDA:170,38,0,0
BRDA:170,38,1,0
BRDA:170,39,0,0
BRDA:170,39,1,0
BRDA:185,40,0,0
BRDA:191,41,0,0
BRDA:191,41,1,0
BRDA:191,42,0,0
BRDA:191,42,1,0
BRDA:191,43,0,0
BRDA:191,43,1,0
BRDA:197,44,0,0
BRDA:197,44,1,0
BRDA:197,44,2,0
BRDA:197,45,0,0
BRDA:197,45,1,0
BRDA:197,46,0,0
BRDA:197,46,1,0
BRDA:197,47,0,0
BRDA:197,47,1,0
BRDA:197,48,0,0
BRDA:197,48,1,0
BRF:96
BRH:0
end_of_record
